<?xml version="1.0" encoding="UTF-8"?>
<!-- Generated by org.testng.reporters.JUnitXMLReporter -->
<testsuite hostname="a-fz6326r3vlg7" ignored="0" name="Login Test" tests="6" failures="0" timestamp="2020-12-23T12:36:18 GMT" time="20.527" errors="0">
  <testcase name="search" time="6.354" classname="com.obsessory.api.search.searchAPI1"/>
  <testcase name="search" time="2.735" classname="com.obsessory.api.search.searchAPI2"/>
  <testcase name="search" time="2.1" classname="com.obsessory.api.search.searchAPI3"/>
  <testcase name="search" time="4.103" classname="com.obsessory.api.womens.womensAPI1"/>
  <testcase name="search" time="2.109" classname="com.obsessory.api.womens.womensAPI2"/>
  <testcase name="search" time="3.012" classname="com.obsessory.api.womens.womensAPI3"/>
</testsuite> <!-- Login Test -->
