<?xml version="1.0" encoding="UTF-8"?>
<!-- Generated by org.testng.reporters.JUnitXMLReporter -->
<testsuite hostname="a-fz6326r3vlg7" ignored="0" name="Login Test" tests="6" failures="0" timestamp="2020-12-24T06:29:01 GMT" time="22.473" errors="0">
  <testcase name="search" time="7.331" classname="com.obsessory.api.search.searchAPI1"/>
  <testcase name="search" time="2.963" classname="com.obsessory.api.search.searchAPI2"/>
  <testcase name="search" time="2.741" classname="com.obsessory.api.search.searchAPI3"/>
  <testcase name="search" time="3.716" classname="com.obsessory.api.womens.womensAPI1"/>
  <testcase name="search" time="2.281" classname="com.obsessory.api.womens.womensAPI2"/>
  <testcase name="search" time="3.264" classname="com.obsessory.api.womens.womensAPI3"/>
</testsuite> <!-- Login Test -->
