<?xml version="1.0" encoding="UTF-8"?>
<testng-results skipped="0" failed="0" ignored="0" total="6" passed="6">
  <reporter-output>
  </reporter-output>
  <suite name="All Test Suite" duration-ms="20527" started-at="2020-12-23T12:35:57 GMT" finished-at="2020-12-23T12:36:18 GMT">
    <groups>
    </groups>
    <test name="Login Test" duration-ms="20527" started-at="2020-12-23T12:35:57 GMT" finished-at="2020-12-23T12:36:18 GMT">
      <class name="com.obsessory.api.womens.womensAPI1">
        <test-method status="PASS" signature="search()[pri:0, instance:com.obsessory.api.womens.womensAPI1@210366b4]" name="search" duration-ms="4103" started-at="2020-12-23T12:36:08 GMT" finished-at="2020-12-23T12:36:12 GMT">
          <reporter-output>
          </reporter-output>
        </test-method> <!-- search -->
      </class> <!-- com.obsessory.api.womens.womensAPI1 -->
      <class name="com.obsessory.api.search.searchAPI1">
        <test-method status="PASS" signature="search()[pri:0, instance:com.obsessory.api.search.searchAPI1@185d8b6]" name="search" duration-ms="6354" started-at="2020-12-23T12:35:57 GMT" finished-at="2020-12-23T12:36:03 GMT">
          <reporter-output>
          </reporter-output>
        </test-method> <!-- search -->
      </class> <!-- com.obsessory.api.search.searchAPI1 -->
      <class name="com.obsessory.api.search.searchAPI2">
        <test-method status="PASS" signature="search()[pri:0, instance:com.obsessory.api.search.searchAPI2@67784306]" name="search" duration-ms="2735" started-at="2020-12-23T12:36:03 GMT" finished-at="2020-12-23T12:36:06 GMT">
          <reporter-output>
          </reporter-output>
        </test-method> <!-- search -->
      </class> <!-- com.obsessory.api.search.searchAPI2 -->
      <class name="com.obsessory.api.search.searchAPI3">
        <test-method status="PASS" signature="search()[pri:0, instance:com.obsessory.api.search.searchAPI3@335eadca]" name="search" duration-ms="2100" started-at="2020-12-23T12:36:06 GMT" finished-at="2020-12-23T12:36:08 GMT">
          <reporter-output>
          </reporter-output>
        </test-method> <!-- search -->
      </class> <!-- com.obsessory.api.search.searchAPI3 -->
      <class name="com.obsessory.api.womens.womensAPI3">
        <test-method status="PASS" signature="search()[pri:0, instance:com.obsessory.api.womens.womensAPI3@2b2948e2]" name="search" duration-ms="3012" started-at="2020-12-23T12:36:15 GMT" finished-at="2020-12-23T12:36:18 GMT">
          <reporter-output>
          </reporter-output>
        </test-method> <!-- search -->
      </class> <!-- com.obsessory.api.womens.womensAPI3 -->
      <class name="com.obsessory.api.womens.womensAPI2">
        <test-method status="PASS" signature="search()[pri:0, instance:com.obsessory.api.womens.womensAPI2@eec5a4a]" name="search" duration-ms="2109" started-at="2020-12-23T12:36:12 GMT" finished-at="2020-12-23T12:36:14 GMT">
          <reporter-output>
          </reporter-output>
        </test-method> <!-- search -->
      </class> <!-- com.obsessory.api.womens.womensAPI2 -->
    </test> <!-- Login Test -->
  </suite> <!-- All Test Suite -->
</testng-results>
