<?xml version="1.0" encoding="UTF-8"?>
<testsuite xmlns:xsi="http://www.w3.org/2001/XMLSchema-instance" xsi:noNamespaceSchemaLocation="https://maven.apache.org/surefire/maven-surefire-plugin/xsd/surefire-test-report-3.0.xsd" version="3.0" name="TestSuite" time="23.467" tests="6" errors="0" skipped="0" failures="0">
  <properties>
[...]
</properties>
  <testcase name="search" classname="com.obsessory.api.search.searchAPI1" time="7.901">
    <system-out><![CDATA[{"response":{"data":{"key":"Shoes for Women","timeTaken":4.102,"totalCount":72788,"debug":"\n       \"query\":{\n         \"bool\":{\n           \"must\":[\n                 \n          {\n               \"nested\": {\n                   \"path\": \"variants\",\n                   \n                   \"inner_hits\" : {\n                      \"_source\": { \"includes\":[\"variants.title\",\"variants.colour\",\"variants.rgb_colours\",\"variants.colourimageurl\",\"variants.images.productimage\",\"variants.images.productimage80_png\",\"variants.images.productimage130_png\",\"variants.images.productimage180_jpg\",\"variants.images.productimage80_jpg\",\"variants.images.productimage480_jpg\"]}\n                   },\n                   \"query\": {\n                      \"bool\":{\n                         \"must\":[\n                            {\n                                \"nested\":{\n                                   \"path\":\"variants.size_variants\",\n                                   \"inner_hits\":{},\n                                   \n                                   \"query\":{\n                                      \"bool\":{\n                                       \"must\":[\n                                          {\n          \"terms\":{\n              \"variants.size_variants.status\":[0,1]\n          }\n        }\n      \n                                         ],\n                                        \"must_not\":[\n                                             { \"terms\" : { \"variants.size_variants.guid\" : [] }},\n                                             { \"term\" : { \"variants.size_variants.qa_check_status\" : \"hide\" }}\n                                        ]\n                                      }\n                                   }\n                                }\n                             }\n                              ,{\n          \"term\":{\n              \"variants.internationaldelivery\":\"GB\"\n          }\n        }\n      \n\n                         ]\n                      }\n                   }\n               }\n           }\n       ,\n{\n            \"query_string\" : {\n                \"query\": \"(department:women) AND ((subcategory_slug:shoes))\",\n                \"minimum_should_match\":\"85%\"\n       \t\t\t}\n   \t\t\t}\n    ,\n            {\n               \"nested\":{\n                  \"path\":\"scores\",\n                  \"query\":{\n                     \"function_score\":{\n                        \"script_score\":{\n                           \"script\":{\n                              \"inline\":\"( (4 * ((doc['scores.product_score'].value == 0) ? 1 : doc['scores.product_score'].value)) + (2 * doc['scores.brand_score'].value) + (3 * doc['scores.store_score'].value) + (8 * doc['scores.seed'].value)) / 17\",\n                              \"lang\":\"painless\"\n                           }\n                        },\n                        \"score_mode\":\"avg\",\n                        \"boost_mode\":\"avg\"\n                     }\n                  },\n                  \"score_mode\":\"avg\"\n               }\n            }\n     \n              ]\n             }\n          }\n     ","breadCrumb":[],"flQuery":{"department":"women","subcategory":"shoes","q":"shoes"},"canonicalUrl":"","description":"<p>\r\n\t<a href=\"https://www.obsessory.com/shoes\" target=\"_blank\"><strong> More than 17,000 shoes</strong></a> on our site—what are you waiting for? Splurge on your shoe fetish with every style in the book. The <a href=\"https://www.obsessory.com/kitten-heels/\" target=\"_blank\"><strong>ladies will love our kitten heels</strong></a>,&nbsp;<a href=\"https://www.obsessory.com/pumps\" target=\"_blank\"><strong>pumps</strong></a>, and&nbsp;<a href=\"https://www.obsessory.com/boots\" target=\"_blank\"><strong>boots</strong></a>, while the&nbsp;<a href=\"https://www.obsessory.com/men-loafers\" target=\"_blank\"><strong>men will love the selection of loafers</strong></a> and trainers. As <a href=\"https://www.obsessory.com/kids-sandals\" target=\"_blank\"><strong>for the kids, we've got cute sandals</strong></a>, ballerinas, and even Timberlands for those munchkins. Added bonus, the sale section features shoes that are up to 70% off. Let's make your day, shall&nbsp;we?</p>","products":[{"store_id":163,"affiliate_id":1,"subcategory2_id":0,"storename":"furla","subcategory3_id":0,"subcategory4_id":0,"subcategory_slug":"shoes","subcategory4_slug":null,"brand_id":105,"subcategory3":"","subcategory_id":117,"subcategory3_slug":null,"subcategory2":"","subcategory4":"","category_id":5,"subcategory2_slug":null,"store_slug":"furla","subcategory":"shoes","category":"footwear","brand":"furla","category_slug":"footwear","sales":[],"variants":[{"title":"Blogger Slingback Ardesia E 38","colour":"gray","colourimageurl":"","images":{"productimage480_jpg":"https://cdn.obsassets.com/furla/furla-blogger-slingback-ardesia-e-38-4a29e_480X480.jpg","productimage130_png":"https://cdn.obsassets.com/furla/furla-blogger-slingback-ardesia-e-38-4a29e_130X130.png","productimage80_jpg":"https://cdn.obsassets.com/furla/furla-blogger-slingback-ardesia-e-38-4a29e_80X80.jpg","productimage80_png":"https://cdn.obsassets.com/furla/furla-blogger-slingback-ardesia-e-38-4a29e_80X80.png","productimage":"https://furla-cdn.thron.com/delivery/public/image/furla/6b467e70-5d6c-403f-b0e7-1be239cf5e02/lfff2u/std/670x670/furla.pngfurla_blogger.png?scalemode=product","productimage180_jpg":"https://cdn.obsassets.com/furla/furla-blogger-slingback-ardesia-e-38-4a29e_180X180.jpg"},"size_variants":[{"slug":"furla-blogger-slingback-ardesia-e-40-722c3","guid":"f4708ae429725e827bef82311bbb581ee1736fe54bc88effd72238fefd8722c3","status":1,"size":"adult","saleprice":120,"msrp":120,"offers":0,"stock":"In Stock","url":"http://www.anrdoezrs.net/click-7583358-12963290?url=https://www.furla.com/gb/en/eshop/woman/accessories/shoes/furla-blogger-YB48C10SC000ZZDG.html?dwvar_YB48C10SC000ZZDG_size=37&dwvar_YB48C10SC000ZZDG_color=ZDG&cgid=Accessories-Shoes&fo_c=1747&fo_k=b04d36cfb38a6cb71a23340f1a1446e2&fo_s=tdgb","free_delivery":{"saleprice":120,"GB":null,"US":null,"INTERNATIONAL":null},"quantity":0},{"slug":"furla-blogger-slingback-ardesia-e-39-a5e12","guid":"b3cdc5d4923b798adddd22c9e5ced8e222ca247c5fad481d7670ad7f15fa5e12","status":1,"size":"adult","saleprice":120,"msrp":120,"offers":0,"stock":"In Stock","url":"http://www.anrdoezrs.net/click-7583358-12963290?url=https://www.furla.com/gb/en/eshop/woman/accessories/shoes/furla-blogger-YB48C10SC000ZZDG.html?dwvar_YB48C10SC000ZZDG_size=37&dwvar_YB48C10SC000ZZDG_color=ZDG&cgid=Accessories-Shoes&fo_c=1747&fo_k=b04d36cfb38a6cb71a23340f1a1446e2&fo_s=tdgb","free_delivery":{"saleprice":120,"GB":null,"US":null,"INTERNATIONAL":null},"quantity":0},{"slug":"furla-blogger-slingback-ardesia-e-38-5-4765e","guid":"f06abd6c6bf4e1bde300152b6cad739b0078322cdbf39598a997f733eea4765e","status":1,"size":"adult","saleprice":120,"msrp":120,"offers":0,"stock":"In Stock","url":"http://www.anrdoezrs.net/click-7583358-12963290?url=https://www.furla.com/gb/en/eshop/woman/accessories/shoes/furla-blogger-YB48C10SC000ZZDG.html?dwvar_YB48C10SC000ZZDG_size=37&dwvar_YB48C10SC000ZZDG_color=ZDG&cgid=Accessories-Shoes&fo_c=1747&fo_k=b04d36cfb38a6cb71a23340f1a1446e2&fo_s=tdgb","free_delivery":{"saleprice":120,"GB":null,"US":null,"INTERNATIONAL":null},"quantity":0}]}]},{"store_id":112,"affiliate_id":3,"subcategory2_id":871,"storename":"asos","subcategory3_id":0,"subcategory4_id":0,"subcategory_slug":"shoes","subcategory4_slug":null,"brand_id":26180,"subcategory3":"","subcategory_id":117,"subcategory3_slug":null,"subcategory2":"flats","subcategory4":"","category_id":5,"subcategory2_slug":"flats","store_slug":"asos","subcategory":"shoes","category":"footwear","brand":"asos design","category_slug":"footwear","sales":[],"variants":[{"title":"Maximum Studded Leather Pointed Mule Croc","colour":"green","colourimageurl":"","images":{"productimage480_jpg":"https://cdn.obsassets.com/asos/asos-design-maximum-studded-leather-pointed-mule-croc-ba0cb_480X480.jpg","productimage130_png":"https://cdn.obsassets.com/asos/asos-design-maximum-studded-leather-pointed-mule-croc-ba0cb_130X130.png","productimage80_jpg":"https://cdn.obsassets.com/asos/asos-design-maximum-studded-leather-pointed-mule-croc-ba0cb_80X80.jpg","productimage80_png":"https://cdn.obsassets.com/asos/asos-design-maximum-studded-leather-pointed-mule-croc-ba0cb_80X80.png","productimage":"https://images.asos-media.com/products/asos-design-maximum-studded-leather-pointed-mule-in-green-croc/12297972-1-greencroc?$XXL$","productimage180_jpg":"https://cdn.obsassets.com/asos/asos-design-maximum-studded-leather-pointed-mule-croc-ba0cb_180X180.jpg"},"size_variants":[{"slug":"asos-design-maximum-studded-leather-pointed-mule-croc-ba0cb","guid":"e62a20a879c45b234b463848d7043f88580a0b37bfa697faf69d5c3d4d9ba0cb","status":1,"size":"6","saleprice":13.5,"msrp":13.5,"offers":0,"stock":"Out Of Stock","url":"https://www.awin1.com/pclick.php?p=24256542375&a=209487&m=5678?www.asos.com","free_delivery":{"saleprice":13.5,"GB":30,"US":31.66,"INTERNATIONAL":null},"quantity":0}]}]},{"store_id":24,"affiliate_id":2,"subcategory2_id":0,"storename":"giglio","subcategory3_id":0,"subcategory4_id":0,"subcategory_slug":"shoes","subcategory4_slug":null,"brand_id":6608,"subcategory3":"","subcategory_id":117,"subcategory3_slug":null,"subcategory2":"","subcategory4":"","category_id":5,"subcategory2_slug":null,"store_slug":"giglio","subcategory":"shoes","category":"footwear","brand":"valentino garavani","category_slug":"footwear","sales":[],"variants":[{"title":"High Heel Shoes Women","colour":"black","colourimageurl":"","images":{"productimage480_jpg":"https://cdn.obsassets.com/giglio/valentino-garavani-high-heel-shoes-women-01c01_480X480.jpg","productimage130_png":"https://cdn.obsassets.com/giglio/valentino-garavani-high-heel-shoes-women-01c01_130X130.png","productimage80_jpg":"https://cdn.obsassets.com/giglio/valentino-garavani-high-heel-shoes-women-01c01_80X80.jpg","productimage80_png":"https://cdn.obsassets.com/giglio/valentino-garavani-high-heel-shoes-women-01c01_80X80.png","productimage":"http://img.giglio.com/images/prodZoom/B16447.002_1.jpg","productimage180_jpg":"https://cdn.obsassets.com/giglio/valentino-garavani-high-heel-shoes-women-01c01_180X180.jpg"},"size_variants":[{"slug":"valentino-garavani-high-heel-shoes-women-01c01","guid":"7cbedc7f50e2d4bfdae011a4d2809cf8445ea18a8ecdcf0235c4abde15001c01","status":1,"size":"37,5","saleprice":576,"msrp":576,"offers":0,"stock":"In Stock","url":"http://click.linksynergy.com/link?id=WLgPX6ZX/Ec&offerid=467798.336702&type=15&murl=http://www.giglio.com/gbr/shoes-women_high-heel-shoes-valentino-garavani-tw2s0q70mzf.html?cSel=002&utm_source=rk-uk-feed&utm_medium=affiliation&utm_campaign=rk-pr&utm_term=VALENTINO%20GARAVANI%20High%20heel%20shoes","free_delivery":{"saleprice":576,"GB":0,"US":0,"INTERNATIONAL":440},"quantity":0}]}]},{"store_id":168,"affiliate_id":2,"subcategory2_id":2597,"storename":"tessabit","subcategory3_id":0,"subcategory4_id":0,"subcategory_slug":"shoes","subcategory4_slug":null,"brand_id":36,"subcategory3":"","subcategory_id":117,"subcategory3_slug":null,"subcategory2":"pumps","subcategory4":"","category_id":5,"subcategory2_slug":"pumps","store_slug":"tessabit","subcategory":"shoes","category":"footwear","brand":"balenciaga","category_slug":"footwear","sales":[],"variants":[{"title":"Leather Pumps ","colour":"black","colourimageurl":"","images":{"productimage480_jpg":"https://cdn.obsassets.com/tessabit/balenciaga-leather-pumps-6530c_480X480.jpg","productimage130_png":"https://cdn.obsassets.com/tessabit/balenciaga-leather-pumps-6530c_130X130.png","productimage80_jpg":"https://cdn.obsassets.com/tessabit/balenciaga-leather-pumps-6530c_80X80.jpg","productimage80_png":"https://cdn.obsassets.com/tessabit/balenciaga-leather-pumps-6530c_80X80.png","productimage":"https://www.tessabit.com/media/catalog/product/3/0/30S---BALENCIAGA_PRE---589153W04Z61064.JPG","productimage180_jpg":"https://cdn.obsassets.com/tessabit/balenciaga-leather-pumps-6530c_180X180.jpg"},"size_variants":[{"slug":"balenciaga-leather-pumps-620f8","guid":"e8249817b6d60993398c606b96c900f07ca101a8623059dbe96dac372e2620f8","status":1,"size":"36","saleprice":675,"msrp":675,"offers":0,"stock":"In Stock","url":"http://click.linksynergy.com/link?id=WLgPX6ZX/Ec&offerid=226286.66976&type=15&murl=http://www.tessabit.com/gb/woman-balenciaga-leather-pumps-1988434270/?___store=gb","free_delivery":{"saleprice":675,"GB":null,"US":null,"INTERNATIONAL":null},"quantity":0},{"slug":"balenciaga-leather-pumps-60d5e","guid":"6a6527c5632dd052f20b39a095e8b6aaeafaa4d612abe00b23c57c34ded60d5e","status":1,"size":"37","saleprice":675,"msrp":675,"offers":0,"stock":"In Stock","url":"http://click.linksynergy.com/link?id=WLgPX6ZX/Ec&offerid=226286.66978&type=15&murl=http://www.tessabit.com/gb/woman-balenciaga-leather-pumps-1988434270/?___store=gb","free_delivery":{"saleprice":675,"GB":null,"US":null,"INTERNATIONAL":null},"quantity":0},{"slug":"balenciaga-leather-pumps-6530c","guid":"6c3df89ce8a986562bae52d9f23e66aa10289c30cc2f0c24c6464411acb6530c","status":1,"size":"37½","saleprice":675,"msrp":675,"offers":0,"stock":"In Stock","url":"http://click.linksynergy.com/link?id=WLgPX6ZX/Ec&offerid=226286.66979&type=15&murl=http://www.tessabit.com/gb/woman-balenciaga-leather-pumps-1988434270/?___store=gb","free_delivery":{"saleprice":675,"GB":null,"US":null,"INTERNATIONAL":null},"quantity":0}]}]},{"store_id":168,"affiliate_id":2,"subcategory2_id":2597,"storename":"tessabit","subcategory3_id":0,"subcategory4_id":0,"subcategory_slug":"shoes","subcategory4_slug":null,"brand_id":236,"subcategory3":"","subcategory_id":117,"subcategory3_slug":null,"subcategory2":"pumps","subcategory4":"","category_id":5,"subcategory2_slug":"pumps","store_slug":"tessabit","subcategory":"shoes","category":"footwear","brand":"roger vivier","category_slug":"footwear","sales":[],"variants":[{"title":"Courbette Patent Leather Pumps ","colour":"black","colourimageurl":"","images":{"productimage480_jpg":"https://cdn.obsassets.com/tessabit/roger-vivier-courbette-patent-leather-pumps-1eb83_480X480.jpg","productimage130_png":"https://cdn.obsassets.com/tessabit/roger-vivier-courbette-patent-leather-pumps-1eb83_130X130.png","productimage80_jpg":"https://cdn.obsassets.com/tessabit/roger-vivier-courbette-patent-leather-pumps-1eb83_80X80.jpg","productimage80_png":"https://cdn.obsassets.com/tessabit/roger-vivier-courbette-patent-leather-pumps-1eb83_80X80.png","productimage":"https://www.tessabit.com/media/catalog/product/2/9/29W---ROGER_VIVIER_MAIN---RVW54526440D1PB999.JPG","productimage180_jpg":"https://cdn.obsassets.com/tessabit/roger-vivier-courbette-patent-leather-pumps-1eb83_180X180.jpg"},"size_variants":[{"slug":"roger-vivier-courbette-patent-leather-pumps-1eb83","guid":"849fdabf56ded7411b87803a2dbc500edbe6b8a25bb91ed9d7c40415c451eb83","status":1,"size":"38½","saleprice":522,"msrp":870,"offers":40,"stock":"In Stock","url":"http://click.linksynergy.com/link?id=WLgPX6ZX/Ec&offerid=226286.62671&type=15&murl=http://www.tessabit.com/gb/woman-roger-vivier-courbette-patent-leather-pumps-848612708/?___store=gb","free_delivery":{"saleprice":522,"GB":null,"US":null,"INTERNATIONAL":null},"quantity":0}]}]},{"store_id":106,"affiliate_id":3,"subcategory2_id":2345,"storename":"outdoor gear","subcategory3_id":0,"subcategory4_id":0,"subcategory_slug":"shoes","subcategory4_slug":null,"brand_id":16269,"subcategory3":"","subcategory_id":117,"subcategory3_slug":null,"subcategory2":"gaiter","subcategory4":"","category_id":5,"subcategory2_slug":"gaiter","store_slug":"outdoorgear","subcategory":"shoes","category":"footwear","brand":"manbi","category_slug":"footwear","sales":[],"variants":[{"title":"Fleece Balaclava Neck Gaiter","colour":null,"colourimageurl":"","images":{"productimage480_jpg":"https://cdn.obsassets.com/outdoorgear/manbi-fleece-balaclava-neck-gaiter-389fe_480X480.jpg","productimage130_png":"https://cdn.obsassets.com/outdoorgear/manbi-fleece-balaclava-neck-gaiter-389fe_130X130.png","productimage80_jpg":"https://cdn.obsassets.com/outdoorgear/manbi-fleece-balaclava-neck-gaiter-389fe_80X80.jpg","productimage80_png":"https://cdn.obsassets.com/outdoorgear/manbi-fleece-balaclava-neck-gaiter-389fe_80X80.png","productimage":"https://www.outdoorgear.co.uk/pix/big/471039-01_XL1.jpg","productimage180_jpg":"https://cdn.obsassets.com/outdoorgear/manbi-fleece-balaclava-neck-gaiter-389fe_180X180.jpg"},"size_variants":[{"slug":"manbi-fleece-balaclava-neck-gaiter-389fe","guid":"75d8e1aab16d1f0f3ac983bd281ff02c22c9c335cc3d46c3ad7d7fa9826389fe","status":1,"size":"","saleprice":4.95,"msrp":9.95,"offers":50,"stock":"In Stock","url":"https://www.outdoorgear.co.uk/Manbi-Fleece-Balaclava-Neck-Gaiter-sku47103900.asp?utm_source=AffiliateWindow&utm_medium=Affiliate-Partners&utm_campaign=AffiliateWindow-datafeed&CameFrom=aw?null","free_delivery":{"saleprice":4.95,"GB":50,"US":null,"INTERNATIONAL":null},"quantity":0}]}]},{"store_id":112,"affiliate_id":3,"subcategory2_id":871,"storename":"asos","subcategory3_id":1663,"subcategory4_id":0,"subcategory_slug":"shoes","subcategory4_slug":null,"brand_id":26180,"subcategory3":"pool sliders","subcategory_id":117,"subcategory3_slug":"pool-sliders","subcategory2":"flats","subcategory4":"","category_id":5,"subcategory2_slug":"flats","store_slug":"asos","subcategory":"shoes","category":"footwear","brand":"asos design","category_slug":"footwear","sales":[],"variants":[{"title":"Featuring Embellished Sliders Rose Gold","colour":"beige","colourimageurl":"","images":{"productimage480_jpg":"https://cdn.obsassets.com/asos/asos-design-featuring-embellished-sliders-rose-gold-f22e9_480X480.jpg","productimage130_png":"https://cdn.obsassets.com/asos/asos-design-featuring-embellished-sliders-rose-gold-f22e9_130X130.png","productimage80_jpg":"https://cdn.obsassets.com/asos/asos-design-featuring-embellished-sliders-rose-gold-f22e9_80X80.jpg","productimage80_png":"https://cdn.obsassets.com/asos/asos-design-featuring-embellished-sliders-rose-gold-f22e9_80X80.png","productimage":"https://images.asos-media.com/products/asos-design-featuring-embellished-sliders-in-rose-gold/11074618-1-rosegold?$XXL$","productimage180_jpg":"https://cdn.obsassets.com/asos/asos-design-featuring-embellished-sliders-rose-gold-f22e9_180X180.jpg"},"size_variants":[{"slug":"asos-design-featuring-embellished-sliders-rose-gold-f22e9","guid":"f2dbe6d0291c220647e43b3e338e562d9befa98301b2d039e89e558886cf22e9","status":1,"size":"5","saleprice":16,"msrp":16,"offers":0,"stock":"In Stock","url":"https://www.awin1.com/pclick.php?p=24960404159&a=209487&m=5678?www.asos.com","free_delivery":{"saleprice":16,"GB":30,"US":31.66,"INTERNATIONAL":null},"quantity":0}]}]},{"store_id":112,"affiliate_id":3,"subcategory2_id":871,"storename":"asos","subcategory3_id":0,"subcategory4_id":0,"subcategory_slug":"shoes","subcategory4_slug":null,"brand_id":26180,"subcategory3":"","subcategory_id":117,"subcategory3_slug":null,"subcategory2":"flats","subcategory4":"","category_id":5,"subcategory2_slug":"flats","store_slug":"asos","subcategory":"shoes","category":"footwear","brand":"asos design","category_slug":"footwear","sales":[],"variants":[{"title":"Middle Chunky Flat Shoes","colour":"black","colourimageurl":"","images":{"productimage480_jpg":"https://cdn.obsassets.com/asos/asos-design-middle-chunky-flat-shoes-d676b_480X480.jpg","productimage130_png":"https://cdn.obsassets.com/asos/asos-design-middle-chunky-flat-shoes-d676b_130X130.png","productimage80_jpg":"https://cdn.obsassets.com/asos/asos-design-middle-chunky-flat-shoes-d676b_80X80.jpg","productimage80_png":"https://cdn.obsassets.com/asos/asos-design-middle-chunky-flat-shoes-d676b_80X80.png","productimage":"https://images.asos-media.com/products/asos-design-middle-chunky-flat-shoes-in-black/12835114-1-black?$XXL$","productimage180_jpg":"https://cdn.obsassets.com/asos/asos-design-middle-chunky-flat-shoes-d676b_180X180.jpg"},"size_variants":[{"slug":"asos-design-middle-chunky-flat-shoes-d676b","guid":"3ec02d13dea085d9dfaedc76ddcb76858985bb814925ed9ef39ddb3098cd676b","status":1,"size":"6","saleprice":17,"msrp":17,"offers":0,"stock":"Out Of Stock","url":"https://www.awin1.com/pclick.php?p=24655531413&a=209487&m=5678?www.asos.com","free_delivery":{"saleprice":17,"GB":30,"US":31.66,"INTERNATIONAL":null},"quantity":0}]}]},{"store_id":17,"affiliate_id":3,"subcategory2_id":121,"storename":"dorothy perkins","subcategory3_id":0,"subcategory4_id":0,"subcategory_slug":"shoes","subcategory4_slug":null,"brand_id":5610,"subcategory3":"","subcategory_id":117,"subcategory3_slug":null,"subcategory2":"wedges","subcategory4":"","category_id":5,"subcategory2_slug":"wedges","store_slug":"dorothy-perkins","subcategory":"shoes","category":"footwear","brand":"quiz","category_slug":"footwear","sales":[],"variants":[{"title":"Shimmer Diate Mule Wedges","colour":"silver","colourimageurl":"","images":{"productimage480_jpg":"https://cdn.obsassets.com/dorothyperkins/quiz-shimmer-diate-mule-wedges-10203_480X480.jpg","productimage130_png":"https://cdn.obsassets.com/dorothyperkins/quiz-shimmer-diate-mule-wedges-10203_130X130.png","productimage80_jpg":"https://cdn.obsassets.com/dorothyperkins/quiz-shimmer-diate-mule-wedges-10203_80X80.jpg","productimage80_png":"https://cdn.obsassets.com/dorothyperkins/quiz-shimmer-diate-mule-wedges-10203_80X80.png","productimage":"https://images.dorothyperkins.com/i/DorothyPerkins/DP08005967_F_1.jpg?$Zoom$","productimage180_jpg":"https://cdn.obsassets.com/dorothyperkins/quiz-shimmer-diate-mule-wedges-10203_180X180.jpg"},"size_variants":[{"slug":"quiz-shimmer-diate-mule-wedges-10203","guid":"c2cca102214263b6f10c66808e37cdd59f1dd3c7f1d978aafd2e7c5848b10203","status":1,"size":"5","saleprice":11.99,"msrp":29.99,"offers":60,"stock":"Out Of Stock","url":"https://www.awin1.com/pclick.php?p=24184153083&a=209487&m=1134?www.dorothyperkins.com","free_delivery":{"saleprice":11.99,"GB":50,"US":38.5,"INTERNATIONAL":null},"quantity":0}]}]},{"store_id":163,"affiliate_id":1,"subcategory2_id":0,"storename":"furla","subcategory3_id":0,"subcategory4_id":0,"subcategory_slug":"shoes","subcategory4_slug":null,"brand_id":105,"subcategory3":"","subcategory_id":117,"subcategory3_slug":null,"subcategory2":"","subcategory4":"","category_id":5,"subcategory2_slug":null,"store_slug":"furla","subcategory":"shoes","category":"footwear","brand":"furla","category_slug":"footwear","sales":[],"variants":[{"title":"Blogger Alya Slingback Onyx 37","colour":"black","colourimageurl":"","images":{"productimage480_jpg":"https://cdn.obsassets.com/furla/furla-blogger-alya-slingback-onyx-37-4189a_480X480.jpg","productimage130_png":"https://cdn.obsassets.com/furla/furla-blogger-alya-slingback-onyx-37-4189a_130X130.png","productimage80_jpg":"https://cdn.obsassets.com/furla/furla-blogger-alya-slingback-onyx-37-4189a_80X80.jpg","productimage80_png":"https://cdn.obsassets.com/furla/furla-blogger-alya-slingback-onyx-37-4189a_80X80.png","productimage":"https://furla-cdn.thron.com/delivery/public/image/furla/0ca782f0-7a3d-4bb7-a21f-9a25b977d38c/lfff2u/std/670x670/furla.pngfurla_blogger_alya.png?scalemode=product","productimage180_jpg":"https://cdn.obsassets.com/furla/furla-blogger-alya-slingback-onyx-37-4189a_180X180.jpg"},"size_variants":[{"slug":"furla-blogger-alya-slingback-onyx-38-669d2","guid":"012f3f926c5f2b8ebffc2c9af383f35d613e126d3c101642499f1acb4cf669d2","status":1,"size":"adult","saleprice":147,"msrp":147,"offers":0,"stock":"In Stock","url":"http://www.anrdoezrs.net/click-7583358-12963290?url=https://www.furla.com/gb/en/eshop/woman/accessories/shoes/furla-blogger-alya-YB57100SC000ZYUU.html?dwvar_YB57100SC000ZYUU_color=YUU&dwvar_YB57100SC000ZYUU_size=37&cgid=Accessories-Shoes&fo_c=1747&fo_k=494216d8be539dbe8ff8050e5f74f03c&fo_s=tdgb","free_delivery":{"saleprice":147,"GB":null,"US":null,"INTERNATIONAL":null},"quantity":0},{"slug":"furla-blogger-alya-slingback-onyx-38-5-4618a","guid":"ee9941037ec6da804863188c505916097a238ccb83d8b2379179cd5d2894618a","status":1,"size":"adult","saleprice":147,"msrp":147,"offers":0,"stock":"In Stock","url":"http://www.anrdoezrs.net/click-7583358-12963290?url=https://www.furla.com/gb/en/eshop/woman/accessories/shoes/furla-blogger-alya-YB57100SC000ZYUU.html?dwvar_YB57100SC000ZYUU_color=YUU&dwvar_YB57100SC000ZYUU_size=37&cgid=Accessories-Shoes&fo_c=1747&fo_k=494216d8be539dbe8ff8050e5f74f03c&fo_s=tdgb","free_delivery":{"saleprice":147,"GB":null,"US":null,"INTERNATIONAL":null},"quantity":0},{"slug":"furla-blogger-alya-slingback-onyx-37-5-fc6c6","guid":"e5eaa5248b739467219e5a46d6f3cbaba2daaaaa09221bc262859a7079afc6c6","status":1,"size":"adult","saleprice":147,"msrp":147,"offers":0,"stock":"In Stock","url":"http://www.anrdoezrs.net/click-7583358-12963290?url=https://www.furla.com/gb/en/eshop/woman/accessories/shoes/furla-blogger-alya-YB57100SC000ZYUU.html?dwvar_YB57100SC000ZYUU_color=YUU&dwvar_YB57100SC000ZYUU_size=37&cgid=Accessories-Shoes&fo_c=1747&fo_k=494216d8be539dbe8ff8050e5f74f03c&fo_s=tdgb","free_delivery":{"saleprice":147,"GB":null,"US":null,"INTERNATIONAL":null},"quantity":0}]}]},{"store_id":112,"affiliate_id":3,"subcategory2_id":871,"storename":"asos","subcategory3_id":2827,"subcategory4_id":0,"subcategory_slug":"shoes","subcategory4_slug":null,"brand_id":26180,"subcategory3":"ballet flats","subcategory_id":117,"subcategory3_slug":"ballet-flats","subcategory2":"flats","subcategory4":"","category_id":5,"subcategory2_slug":"flats","store_slug":"asos","subcategory":"shoes","category":"footwear","brand":"asos design","category_slug":"footwear","sales":[],"variants":[{"title":"Lima Studded Ballet Flats","colour":null,"colourimageurl":"","images":{"productimage480_jpg":"https://cdn.obsassets.com/asos/asos-design-lima-studded-ballet-flats-a1cd5_480X480.jpg","productimage130_png":"https://cdn.obsassets.com/asos/asos-design-lima-studded-ballet-flats-a1cd5_130X130.png","productimage80_jpg":"https://cdn.obsassets.com/asos/asos-design-lima-studded-ballet-flats-a1cd5_80X80.jpg","productimage80_png":"https://cdn.obsassets.com/asos/asos-design-lima-studded-ballet-flats-a1cd5_80X80.png","productimage":"https://images.asos-media.com/products/asos-design-lima-studded-ballet-flats-in-bone/12863024-1-bone?$XXL$","productimage180_jpg":"https://cdn.obsassets.com/asos/asos-design-lima-studded-ballet-flats-a1cd5_180X180.jpg"},"size_variants":[{"slug":"asos-design-lima-studded-ballet-flats-a1cd5","guid":"8270d2ea2f6ef33f6dfb684083e2172f017f97a3873f217143bfb397553a1cd5","status":1,"size":"9","saleprice":25,"msrp":25,"offers":0,"stock":"In Stock","url":"https://www.awin1.com/pclick.php?p=25074801607&a=209487&m=5678?www.asos.com","free_delivery":{"saleprice":25,"GB":30,"US":31.66,"INTERNATIONAL":null},"quantity":0}]}]},{"store_id":17,"affiliate_id":3,"subcategory2_id":121,"storename":"dorothy perkins","subcategory3_id":1331,"subcategory4_id":0,"subcategory_slug":"shoes","subcategory4_slug":null,"brand_id":86,"subcategory3":"flatform","subcategory_id":117,"subcategory3_slug":"flatform","subcategory2":"wedges","subcategory4":"","category_id":5,"subcategory2_slug":"wedges","store_slug":"dorothy-perkins","subcategory":"shoes","category":"footwear","brand":"dorothy perkins","category_slug":"footwear","sales":[],"variants":[{"title":"Black 'rosalie' Flatform Mules","colour":"black","colourimageurl":"","images":{"productimage480_jpg":"https://cdn.obsassets.com/dorothyperkins/dorothy-perkins-black-rosalie-flatform-mules-91773_480X480.jpg","productimage130_png":"https://cdn.obsassets.com/dorothyperkins/dorothy-perkins-black-rosalie-flatform-mules-91773_130X130.png","productimage80_jpg":"https://cdn.obsassets.com/dorothyperkins/dorothy-perkins-black-rosalie-flatform-mules-91773_80X80.jpg","productimage80_png":"https://cdn.obsassets.com/dorothyperkins/dorothy-perkins-black-rosalie-flatform-mules-91773_80X80.png","productimage":"https://images.dorothyperkins.com/i/DorothyPerkins/DP19534513_F_1.jpg?$Zoom$","productimage180_jpg":"https://cdn.obsassets.com/dorothyperkins/dorothy-perkins-black-rosalie-flatform-mules-91773_180X180.jpg"},"size_variants":[{"slug":"dorothy-perkins-black-rosalie-flatform-mules-91773","guid":"00b12c9619b8cce173a61ed133996c3fb07b2a6b51567ae20f8cad00db791773","status":1,"size":"7","saleprice":12.5,"msrp":25,"offers":50,"stock":"In Stock","url":"https://www.awin1.com/pclick.php?p=25943098955&a=209487&m=1134?www.dorothyperkins.com","free_delivery":{"saleprice":12.5,"GB":50,"US":38.5,"INTERNATIONAL":null},"quantity":0}]}]},{"store_id":24,"affiliate_id":2,"subcategory2_id":956,"storename":"giglio","subcategory3_id":878,"subcategory4_id":0,"subcategory_slug":"shoes","subcategory4_slug":null,"brand_id":16040,"subcategory3":"brogues","subcategory_id":117,"subcategory3_slug":"brogues","subcategory2":"lace-ups","subcategory4":"","category_id":5,"subcategory2_slug":"lace-ups","store_slug":"giglio","subcategory":"shoes","category":"footwear","brand":"marsell","category_slug":"footwear","sales":[],"variants":[{"title":"Brogues Women","colour":"black","colourimageurl":"","images":{"productimage480_jpg":"https://cdn.obsassets.com/giglio/marsell-brogues-women-22cca_480X480.jpg","productimage130_png":"https://cdn.obsassets.com/giglio/marsell-brogues-women-22cca_130X130.png","productimage80_jpg":"https://cdn.obsassets.com/giglio/marsell-brogues-women-22cca_80X80.jpg","productimage80_png":"https://cdn.obsassets.com/giglio/marsell-brogues-women-22cca_80X80.png","productimage":"http://img.giglio.com/images/prodZoom/B03117.002_1.jpg","productimage180_jpg":"https://cdn.obsassets.com/giglio/marsell-brogues-women-22cca_180X180.jpg"},"size_variants":[{"slug":"marsell-brogues-women-22cca","guid":"d282f251a6dd882162392a85f40aca7210da92e85f5cc0795962186933b22cca","status":1,"size":"39,5","saleprice":325,"msrp":650,"offers":50,"stock":"In Stock","url":"http://click.linksynergy.com/link?id=WLgPX6ZX/Ec&offerid=467798.321438&type=15&murl=http://www.giglio.com/gbr/shoes-women_brogues-marsell-mw5691120s666.html?cSel=002&utm_source=rk-uk-feed&utm_medium=affiliation&utm_campaign=rk-pr&utm_term=MARSELL%20Brogues","free_delivery":{"saleprice":325,"GB":0,"US":0,"INTERNATIONAL":440},"quantity":0}]}]},{"store_id":168,"affiliate_id":2,"subcategory2_id":2597,"storename":"tessabit","subcategory3_id":0,"subcategory4_id":0,"subcategory_slug":"shoes","subcategory4_slug":null,"brand_id":19431,"subcategory3":"","subcategory_id":117,"subcategory3_slug":null,"subcategory2":"pumps","subcategory4":"","category_id":5,"subcategory2_slug":"pumps","store_slug":"tessabit","subcategory":"shoes","category":"footwear","brand":"francesco russo","category_slug":"footwear","sales":[],"variants":[{"title":"Leather Pumps ","colour":"white","colourimageurl":"","images":{"productimage480_jpg":"https://cdn.obsassets.com/tessabit/francesco-russo-leather-pumps-fa85f_480X480.jpg","productimage130_png":"https://cdn.obsassets.com/tessabit/francesco-russo-leather-pumps-fa85f_130X130.png","productimage80_jpg":"https://cdn.obsassets.com/tessabit/francesco-russo-leather-pumps-fa85f_80X80.jpg","productimage80_png":"https://cdn.obsassets.com/tessabit/francesco-russo-leather-pumps-fa85f_80X80.png","productimage":"https://www.tessabit.com/media/catalog/product/3/0/30S---FRANCESCO_RUSSO---R1P270202201.JPG","productimage180_jpg":"https://cdn.obsassets.com/tessabit/francesco-russo-leather-pumps-fa85f_180X180.jpg"},"size_variants":[{"slug":"francesco-russo-leather-pumps-45b2c","guid":"c33e1efd8fd57d91f3793d3c4f9d6c2bee165d61ec9059f6fea7528e27e45b2c","status":1,"size":"37½","saleprice":491,"msrp":491,"offers":0,"stock":"In Stock","url":"http://click.linksynergy.com/link?id=WLgPX6ZX/Ec&offerid=226286.66199&type=15&murl=http://www.tessabit.com/gb/woman-francesco-russo-pumps-leather-pumps-844178786/?___store=gb","free_delivery":{"saleprice":491,"GB":null,"US":null,"INTERNATIONAL":null},"quantity":0},{"slug":"francesco-russo-leather-pumps-fa85f","guid":"d9a965527f870bab89c1e8d5d4a0e011496de218edb5a0b99dac60561defa85f","status":1,"size":"36½","saleprice":491,"msrp":491,"offers":0,"stock":"In Stock","url":"http://click.linksynergy.com/link?id=WLgPX6ZX/Ec&offerid=226286.66197&type=15&murl=http://www.tessabit.com/gb/woman-francesco-russo-pumps-leather-pumps-844178786/?___store=gb","free_delivery":{"saleprice":491,"GB":null,"US":null,"INTERNATIONAL":null},"quantity":0}]}]},{"store_id":17,"affiliate_id":3,"subcategory2_id":2597,"storename":"dorothy perkins","subcategory3_id":0,"subcategory4_id":0,"subcategory_slug":"shoes","subcategory4_slug":null,"brand_id":86,"subcategory3":"","subcategory_id":117,"subcategory3_slug":null,"subcategory2":"pumps","subcategory4":"","category_id":5,"subcategory2_slug":"pumps","store_slug":"dorothy-perkins","subcategory":"shoes","category":"footwear","brand":"dorothy perkins","category_slug":"footwear","sales":[],"variants":[{"title":"Wide Fit Black 'peaky' Comfort Pumps","colour":"black","colourimageurl":"","images":{"productimage480_jpg":"https://cdn.obsassets.com/dorothyperkins/dorothy-perkins-wide-fit-black-peaky-comfort-pumps-9a9d7_480X480.jpg","productimage130_png":"https://cdn.obsassets.com/dorothyperkins/dorothy-perkins-wide-fit-black-peaky-comfort-pumps-9a9d7_130X130.png","productimage80_jpg":"https://cdn.obsassets.com/dorothyperkins/dorothy-perkins-wide-fit-black-peaky-comfort-pumps-9a9d7_80X80.jpg","productimage80_png":"https://cdn.obsassets.com/dorothyperkins/dorothy-perkins-wide-fit-black-peaky-comfort-pumps-9a9d7_80X80.png","productimage":"https://images.dorothyperkins.com/i/DorothyPerkins/DP35501713_F_1.jpg?$Zoom$","productimage180_jpg":"https://cdn.obsassets.com/dorothyperkins/dorothy-perkins-wide-fit-black-peaky-comfort-pumps-9a9d7_180X180.jpg"},"size_variants":[{"slug":"dorothy-perkins-wide-fit-black-peaky-comfort-pumps-9a9d7","guid":"9865daa215a903980d06e975f9815dc420dd38ac468e8e55189c7514ca79a9d7","status":1,"size":"3","saleprice":15,"msrp":25,"offers":40,"stock":"Out Of Stock","url":"https://www.awin1.com/pclick.php?p=25379386943&a=209487&m=1134?www.dorothyperkins.com","free_delivery":{"saleprice":15,"GB":50,"US":38.5,"INTERNATIONAL":null},"quantity":0}]}]},{"store_id":112,"affiliate_id":3,"subcategory2_id":871,"storename":"asos","subcategory3_id":0,"subcategory4_id":0,"subcategory_slug":"shoes","subcategory4_slug":null,"brand_id":26180,"subcategory3":"","subcategory_id":117,"subcategory3_slug":null,"subcategory2":"flats","subcategory4":"","category_id":5,"subcategory2_slug":"flats","store_slug":"asos","subcategory":"shoes","category":"footwear","brand":"asos design","category_slug":"footwear","sales":[],"variants":[{"title":"Matchsticks Flat Shoes","colour":"black","colourimageurl":"","images":{"productimage480_jpg":"https://cdn.obsassets.com/asos/asos-design-matchsticks-flat-shoes-7e7da_480X480.jpg","productimage130_png":"https://cdn.obsassets.com/asos/asos-design-matchsticks-flat-shoes-7e7da_130X130.png","productimage80_jpg":"https://cdn.obsassets.com/asos/asos-design-matchsticks-flat-shoes-7e7da_80X80.jpg","productimage80_png":"https://cdn.obsassets.com/asos/asos-design-matchsticks-flat-shoes-7e7da_80X80.png","productimage":"https://images.asos-media.com/products/asos-design-matchsticks-flat-shoes-in-black/11738468-1-black?$XXL$","productimage180_jpg":"https://cdn.obsassets.com/asos/asos-design-matchsticks-flat-shoes-7e7da_180X180.jpg"},"size_variants":[{"slug":"asos-design-matchsticks-flat-shoes-7e7da","guid":"e86492671e3b7e31ef46df864c5b3d9c5f1d733c24dfb4c9c6af1d8aafc7e7da","status":1,"size":"6","saleprice":28,"msrp":28,"offers":0,"stock":"Out Of Stock","url":"https://www.awin1.com/pclick.php?p=24989113281&a=209487&m=5678?www.asos.com","free_delivery":{"saleprice":28,"GB":30,"US":31.66,"INTERNATIONAL":null},"quantity":0}]}]},{"store_id":24,"affiliate_id":2,"subcategory2_id":956,"storename":"giglio","subcategory3_id":878,"subcategory4_id":0,"subcategory_slug":"shoes","subcategory4_slug":null,"brand_id":16040,"subcategory3":"brogues","subcategory_id":117,"subcategory3_slug":"brogues","subcategory2":"lace-ups","subcategory4":"","category_id":5,"subcategory2_slug":"lace-ups","store_slug":"giglio","subcategory":"shoes","category":"footwear","brand":"marsell","category_slug":"footwear","sales":[],"variants":[{"title":"Brogues Women","colour":null,"colourimageurl":"","images":{"productimage480_jpg":"https://cdn.obsassets.com/giglio/marsell-brogues-women-0d97e_480X480.jpg","productimage130_png":"https://cdn.obsassets.com/giglio/marsell-brogues-women-0d97e_130X130.png","productimage80_jpg":"https://cdn.obsassets.com/giglio/marsell-brogues-women-0d97e_80X80.jpg","productimage80_png":"https://cdn.obsassets.com/giglio/marsell-brogues-women-0d97e_80X80.png","productimage":"http://img.giglio.com/images/prodZoom/B05844.110_1.jpg","productimage180_jpg":"https://cdn.obsassets.com/giglio/marsell-brogues-women-0d97e_180X180.jpg"},"size_variants":[{"slug":"marsell-brogues-women-0d97e","guid":"c35fe4d02131ab99f28ad9c657b1ae56413ac04e8c2fccd47c8faf5b2e00d97e","status":1,"size":"36","saleprice":299,"msrp":299,"offers":0,"stock":"In Stock","url":"http://click.linksynergy.com/link?id=WLgPX6ZX/Ec&offerid=467798.321516&type=15&murl=http://www.giglio.com/gbr/shoes-women_brogues-marsell-mwg112p459.html?cSel=110&utm_source=rk-uk-feed&utm_medium=affiliation&utm_campaign=rk-pr&utm_term=MARSELL%20Brogues","free_delivery":{"saleprice":299,"GB":0,"US":0,"INTERNATIONAL":440},"quantity":0}]}]},{"store_id":112,"affiliate_id":3,"subcategory2_id":121,"storename":"asos","subcategory3_id":1331,"subcategory4_id":0,"subcategory_slug":"shoes","subcategory4_slug":null,"brand_id":259,"subcategory3":"flatform","subcategory_id":117,"subcategory3_slug":"flatform","subcategory2":"wedges","subcategory4":"","category_id":5,"subcategory2_slug":"wedges","store_slug":"asos","subcategory":"shoes","category":"footwear","brand":"superga","category_slug":"footwear","sales":[],"variants":[{"title":"2790 Espadrille Flatform Trainers","colour":"white","colourimageurl":"","images":{"productimage480_jpg":"https://cdn.obsassets.com/asos/superga-2790-espadrille-flatform-trainers-3e79d_480X480.jpg","productimage130_png":"https://cdn.obsassets.com/asos/superga-2790-espadrille-flatform-trainers-3e79d_130X130.png","productimage80_jpg":"https://cdn.obsassets.com/asos/superga-2790-espadrille-flatform-trainers-3e79d_80X80.jpg","productimage80_png":"https://cdn.obsassets.com/asos/superga-2790-espadrille-flatform-trainers-3e79d_80X80.png","productimage":"https://images.asos-media.com/products/superga-2790-espadrille-flatform-trainers-in-white/11213006-1-white901?$XXL$","productimage180_jpg":"https://cdn.obsassets.com/asos/superga-2790-espadrille-flatform-trainers-3e79d_180X180.jpg"},"size_variants":[{"slug":"superga-2790-espadrille-flatform-trainers-3e79d","guid":"acbb5f80e9da175d674bed4be650932b5832bc2806bdf12003e450ea5a63e79d","status":1,"size":"8","saleprice":65,"msrp":65,"offers":0,"stock":"In Stock","url":"https://www.awin1.com/pclick.php?p=24958628517&a=209487&m=5678?www.asos.com","free_delivery":{"saleprice":65,"GB":30,"US":31.66,"INTERNATIONAL":null},"quantity":0}]}]},{"store_id":24,"affiliate_id":2,"subcategory2_id":2597,"storename":"giglio","subcategory3_id":2901,"subcategory4_id":0,"subcategory_slug":"shoes","subcategory4_slug":null,"brand_id":5976,"subcategory3":"court","subcategory_id":117,"subcategory3_slug":"court","subcategory2":"pumps","subcategory4":"","category_id":5,"subcategory2_slug":"pumps","store_slug":"giglio","subcategory":"shoes","category":"footwear","brand":"sergio rossi","category_slug":"footwear","sales":[],"variants":[{"title":"Court Shoes Women","colour":"silver","colourimageurl":"","images":{"productimage480_jpg":"https://cdn.obsassets.com/giglio/sergio-rossi-court-shoes-women-06c5d_480X480.jpg","productimage130_png":"https://cdn.obsassets.com/giglio/sergio-rossi-court-shoes-women-06c5d_130X130.png","productimage80_jpg":"https://cdn.obsassets.com/giglio/sergio-rossi-court-shoes-women-06c5d_80X80.jpg","productimage80_png":"https://cdn.obsassets.com/giglio/sergio-rossi-court-shoes-women-06c5d_80X80.png","productimage":"http://img.giglio.com/images/prodZoom/302472.061_1.jpg","productimage180_jpg":"https://cdn.obsassets.com/giglio/sergio-rossi-court-shoes-women-06c5d_180X180.jpg"},"size_variants":[{"slug":"sergio-rossi-court-shoes-women-06c5d","guid":"3872d5c4f9fa655ffa830bff9410ac3700505c54b901ec5583bdcacaa3b06c5d","status":1,"size":"37,5","saleprice":263,"msrp":526,"offers":50,"stock":"In Stock","url":"http://click.linksynergy.com/link?id=WLgPX6ZX/Ec&offerid=467798.171905&type=15&murl=http://www.giglio.com/gbr/shoes-women_court-shoes-shoes-women-sergio-rossi-a78952mte157.html?cSel=061&utm_source=rk-uk-feed&utm_medium=affiliation&utm_campaign=rk-pr&utm_term=SERGIO%20ROSSI%20Court%20shoes","free_delivery":{"saleprice":263,"GB":0,"US":0,"INTERNATIONAL":440},"quantity":0}]}]},{"store_id":17,"affiliate_id":3,"subcategory2_id":2597,"storename":"dorothy perkins","subcategory3_id":2901,"subcategory4_id":0,"subcategory_slug":"shoes","subcategory4_slug":null,"brand_id":86,"subcategory3":"court","subcategory_id":117,"subcategory3_slug":"court","subcategory2":"pumps","subcategory4":"","category_id":5,"subcategory2_slug":"pumps","store_slug":"dorothy-perkins","subcategory":"shoes","category":"footwear","brand":"dorothy perkins","category_slug":"footwear","sales":[],"variants":[{"title":"Blush 'delia' Court Shoes","colour":"pink","colourimageurl":"","images":{"productimage480_jpg":"https://cdn.obsassets.com/dorothyperkins/dorothy-perkins-blush-delia-court-shoes-4db48_480X480.jpg","productimage130_png":"https://cdn.obsassets.com/dorothyperkins/dorothy-perkins-blush-delia-court-shoes-4db48_130X130.png","productimage80_jpg":"https://cdn.obsassets.com/dorothyperkins/dorothy-perkins-blush-delia-court-shoes-4db48_80X80.jpg","productimage80_png":"https://cdn.obsassets.com/dorothyperkins/dorothy-perkins-blush-delia-court-shoes-4db48_80X80.png","productimage":"https://images.dorothyperkins.com/i/DorothyPerkins/DP19253904_F_1.jpg?$Zoom$","productimage180_jpg":"https://cdn.obsassets.com/dorothyperkins/dorothy-perkins-blush-delia-court-shoes-4db48_180X180.jpg"},"size_variants":[{"slug":"dorothy-perkins-blush-delia-court-shoes-4db48","guid":"3251a53920d6dcafd095ef735f2362b1855ef3797dbdd2e71379d855ae54db48","status":1,"size":"9","saleprice":16.8,"msrp":28,"offers":40,"stock":"In Stock","url":"https://www.awin1.com/pclick.php?p=24075782025&a=209487&m=1134?www.dorothyperkins.com","free_delivery":{"saleprice":16.8,"GB":50,"US":38.5,"INTERNATIONAL":null},"quantity":0}]}]}]},"msg":"Here is the search results.","status":200}}
200
Shoes for Women
]]></system-out>
  </testcase>
  <testcase name="search" classname="com.obsessory.api.search.searchAPI2" time="3.148">
    <system-out><![CDATA[{"response":{"data":{"key":"Shoes for Men","timeTaken":2.185,"totalCount":26765,"debug":"\n       \"query\":{\n         \"bool\":{\n           \"must\":[\n                 \n          {\n               \"nested\": {\n                   \"path\": \"variants\",\n                   \n                   \"inner_hits\" : {\n                      \"_source\": { \"includes\":[\"variants.title\",\"variants.colour\",\"variants.rgb_colours\",\"variants.colourimageurl\",\"variants.images.productimage\",\"variants.images.productimage80_png\",\"variants.images.productimage130_png\",\"variants.images.productimage180_jpg\",\"variants.images.productimage80_jpg\",\"variants.images.productimage480_jpg\"]}\n                   },\n                   \"query\": {\n                      \"bool\":{\n                         \"must\":[\n                            {\n                                \"nested\":{\n                                   \"path\":\"variants.size_variants\",\n                                   \"inner_hits\":{},\n                                   \n                                   \"query\":{\n                                      \"bool\":{\n                                       \"must\":[\n                                          {\n          \"terms\":{\n              \"variants.size_variants.status\":[0,1]\n          }\n        }\n      \n                                         ],\n                                        \"must_not\":[\n                                             { \"terms\" : { \"variants.size_variants.guid\" : [] }},\n                                             { \"term\" : { \"variants.size_variants.qa_check_status\" : \"hide\" }}\n                                        ]\n                                      }\n                                   }\n                                }\n                             }\n                              ,{\n          \"term\":{\n              \"variants.internationaldelivery\":\"GB\"\n          }\n        }\n      \n\n                         ]\n                      }\n                   }\n               }\n           }\n       ,\n{\n            \"query_string\" : {\n                \"query\": \"(department:men) AND ((subcategory_slug:shoes))\",\n                \"minimum_should_match\":\"85%\"\n       \t\t\t}\n   \t\t\t}\n    ,\n            {\n               \"nested\":{\n                  \"path\":\"scores\",\n                  \"query\":{\n                     \"function_score\":{\n                        \"script_score\":{\n                           \"script\":{\n                              \"inline\":\"( (4 * ((doc['scores.product_score'].value == 0) ? 1 : doc['scores.product_score'].value)) + (2 * doc['scores.brand_score'].value) + (3 * doc['scores.store_score'].value) + (8 * doc['scores.seed'].value)) / 17\",\n                              \"lang\":\"painless\"\n                           }\n                        },\n                        \"score_mode\":\"avg\",\n                        \"boost_mode\":\"avg\"\n                     }\n                  },\n                  \"score_mode\":\"avg\"\n               }\n            }\n     \n              ]\n             }\n          }\n     ","breadCrumb":[],"flQuery":{"department":"men","subcategory":"shoes","q":"shoes"},"canonicalUrl":"","description":"<p>\r\n\t<a href=\"https://www.obsessory.com/shoes\" target=\"_blank\"><strong> More than 17,000 shoes</strong></a> on our site—what are you waiting for? Splurge on your shoe fetish with every style in the book. The <a href=\"https://www.obsessory.com/kitten-heels/\" target=\"_blank\"><strong>ladies will love our kitten heels</strong></a>,&nbsp;<a href=\"https://www.obsessory.com/pumps\" target=\"_blank\"><strong>pumps</strong></a>, and&nbsp;<a href=\"https://www.obsessory.com/boots\" target=\"_blank\"><strong>boots</strong></a>, while the&nbsp;<a href=\"https://www.obsessory.com/men-loafers\" target=\"_blank\"><strong>men will love the selection of loafers</strong></a> and trainers. As <a href=\"https://www.obsessory.com/kids-sandals\" target=\"_blank\"><strong>for the kids, we've got cute sandals</strong></a>, ballerinas, and even Timberlands for those munchkins. Added bonus, the sale section features shoes that are up to 70% off. Let's make your day, shall&nbsp;we?</p>","products":[{"store_id":112,"affiliate_id":3,"subcategory2_id":2436,"storename":"asos","subcategory3_id":0,"subcategory4_id":0,"subcategory_slug":"shoes","subcategory4_slug":null,"brand_id":26180,"subcategory3":"","subcategory_id":117,"subcategory3_slug":null,"subcategory2":"keds","subcategory4":"","category_id":5,"subcategory2_slug":"keds","store_slug":"asos","subcategory":"shoes","category":"footwear","brand":"asos design","category_slug":"footwear","sales":[],"variants":[{"title":"Wide Fit Slip On Plimsolls","colour":"white","colourimageurl":"","images":{"productimage480_jpg":"https://cdn.obsassets.com/asos/asos-design-wide-fit-slip-on-plimsolls-d6f64_480X480.jpg","productimage130_png":"https://cdn.obsassets.com/asos/asos-design-wide-fit-slip-on-plimsolls-d6f64_130X130.png","productimage80_jpg":"https://cdn.obsassets.com/asos/asos-design-wide-fit-slip-on-plimsolls-d6f64_80X80.jpg","productimage80_png":"https://cdn.obsassets.com/asos/asos-design-wide-fit-slip-on-plimsolls-d6f64_80X80.png","productimage":"https://images.asos-media.com/products/asos-design-wide-fit-slip-on-plimsolls-in-white-canvas/9510582-1-white?$XXL$","productimage180_jpg":"https://cdn.obsassets.com/asos/asos-design-wide-fit-slip-on-plimsolls-d6f64_180X180.jpg"},"size_variants":[{"slug":"asos-design-wide-fit-slip-on-plimsolls-d6f64","guid":"e238164f98adf09c5dbca0014e1ef25e3635e271c506ccfed876be3e5d8d6f64","status":1,"size":"8","saleprice":10,"msrp":10,"offers":0,"stock":"In Stock","url":"https://www.awin1.com/pclick.php?p=24958483685&a=209487&m=5678?www.asos.com","free_delivery":{"saleprice":10,"GB":30,"US":31.66,"INTERNATIONAL":null},"quantity":0}]}]},{"store_id":112,"affiliate_id":3,"subcategory2_id":2436,"storename":"asos","subcategory3_id":0,"subcategory4_id":0,"subcategory_slug":"shoes","subcategory4_slug":null,"brand_id":26180,"subcategory3":"","subcategory_id":117,"subcategory3_slug":null,"subcategory2":"keds","subcategory4":"","category_id":5,"subcategory2_slug":"keds","store_slug":"asos","subcategory":"shoes","category":"footwear","brand":"asos design","category_slug":"footwear","sales":[],"variants":[{"title":"Wide Fit Slip On Plimsolls","colour":"white","colourimageurl":"","images":{"productimage480_jpg":"https://cdn.obsassets.com/asos/asos-design-wide-fit-slip-on-plimsolls-a2286_480X480.jpg","productimage130_png":"https://cdn.obsassets.com/asos/asos-design-wide-fit-slip-on-plimsolls-a2286_130X130.png","productimage80_jpg":"https://cdn.obsassets.com/asos/asos-design-wide-fit-slip-on-plimsolls-a2286_80X80.jpg","productimage80_png":"https://cdn.obsassets.com/asos/asos-design-wide-fit-slip-on-plimsolls-a2286_80X80.png","productimage":"https://images.asos-media.com/products/asos-design-wide-fit-slip-on-plimsolls-in-white-leather-look-with-gum-sole/13294744-1-white?$XXLrmbnrbtm$","productimage180_jpg":"https://cdn.obsassets.com/asos/asos-design-wide-fit-slip-on-plimsolls-a2286_180X180.jpg"},"size_variants":[{"slug":"asos-design-wide-fit-slip-on-plimsolls-a2286","guid":"f81f65cb6fb7af6bc2f5e3b7270ae23f09c2f3515ae690de6f1f7735cb4a2286","status":1,"size":"10","saleprice":18,"msrp":18,"offers":0,"stock":"In Stock","url":"https://www.awin1.com/pclick.php?p=25164725087&a=209487&m=5678?www.asos.com","free_delivery":{"saleprice":18,"GB":30,"US":31.66,"INTERNATIONAL":null},"quantity":0}]}]},{"store_id":24,"affiliate_id":2,"subcategory2_id":1516,"storename":"giglio","subcategory3_id":0,"subcategory4_id":0,"subcategory_slug":"shoes","subcategory4_slug":null,"brand_id":18837,"subcategory3":"","subcategory_id":117,"subcategory3_slug":null,"subcategory2":"loafers","subcategory4":"","category_id":5,"subcategory2_slug":"loafers","store_slug":"giglio","subcategory":"shoes","category":"footwear","brand":"churchs","category_slug":"footwear","sales":[],"variants":[{"title":"Loafers Shoes Men","colour":null,"colourimageurl":"","images":{"productimage480_jpg":"https://cdn.obsassets.com/giglio/churchs-loafers-shoes-men-83fcc_480X480.jpg","productimage130_png":"https://cdn.obsassets.com/giglio/churchs-loafers-shoes-men-83fcc_130X130.png","productimage80_jpg":"https://cdn.obsassets.com/giglio/churchs-loafers-shoes-men-83fcc_80X80.jpg","productimage80_png":"https://cdn.obsassets.com/giglio/churchs-loafers-shoes-men-83fcc_80X80.png","productimage":"http://img.giglio.com/images/prodZoom/316760.102_1.jpg","productimage180_jpg":"https://cdn.obsassets.com/giglio/churchs-loafers-shoes-men-83fcc_180X180.jpg"},"size_variants":[{"slug":"churchs-loafers-shoes-men-83fcc","guid":"f07198a0384f7108243595c0f30035f8eaca6fcdb8abe7d5b59170fb5cc83fcc","status":1,"size":"6,5","saleprice":459,"msrp":459,"offers":0,"stock":"In Stock","url":"http://click.linksynergy.com/link?id=WLgPX6ZX/Ec&offerid=467798.321218&type=15&murl=http://www.giglio.com/gbr/shoes-men_loafers-shoes-men-church-s-edb0039fg-808.html?cSel=102&utm_source=rk-uk-feed&utm_medium=affiliation&utm_campaign=rk-pr&utm_term=CHURCH'S%20Loafers","free_delivery":{"saleprice":459,"GB":0,"US":0,"INTERNATIONAL":440},"quantity":0}]}]},{"store_id":168,"affiliate_id":2,"subcategory2_id":1516,"storename":"tessabit","subcategory3_id":0,"subcategory4_id":0,"subcategory_slug":"shoes","subcategory4_slug":null,"brand_id":2545,"subcategory3":"","subcategory_id":117,"subcategory3_slug":null,"subcategory2":"loafers","subcategory4":"","category_id":5,"subcategory2_slug":"loafers","store_slug":"tessabit","subcategory":"shoes","category":"footwear","brand":"car shoe","category_slug":"footwear","sales":[],"variants":[{"title":"Loafer ","colour":"brown","colourimageurl":"","images":{"productimage480_jpg":"https://cdn.obsassets.com/tessabit/car-shoe-loafer-2bc2a_480X480.jpg","productimage130_png":"https://cdn.obsassets.com/tessabit/car-shoe-loafer-2bc2a_130X130.png","productimage80_jpg":"https://cdn.obsassets.com/tessabit/car-shoe-loafer-2bc2a_80X80.jpg","productimage80_png":"https://cdn.obsassets.com/tessabit/car-shoe-loafer-2bc2a_80X80.png","productimage":"https://www.tessabit.com/media/catalog/product/2/9/29S---CAR_SHOE---KUD006LVAF0192.JPG","productimage180_jpg":"https://cdn.obsassets.com/tessabit/car-shoe-loafer-2bc2a_180X180.jpg"},"size_variants":[{"slug":"car-shoe-loafer-2bc2a","guid":"4055fadd129c467a751a72ff9a71d28caa4e2b5676d4617f68273516de82bc2a","status":1,"size":"8","saleprice":231,"msrp":330,"offers":30,"stock":"In Stock","url":"http://click.linksynergy.com/link?id=WLgPX6ZX/Ec&offerid=226286.14983&type=15&murl=http://www.tessabit.com/gb/man-car-shoe-loafers-loafer-838996976/?___store=gb","free_delivery":{"saleprice":231,"GB":null,"US":null,"INTERNATIONAL":null},"quantity":0}]}]},{"store_id":24,"affiliate_id":2,"subcategory2_id":1516,"storename":"giglio","subcategory3_id":0,"subcategory4_id":0,"subcategory_slug":"shoes","subcategory4_slug":null,"brand_id":19167,"subcategory3":"","subcategory_id":117,"subcategory3_slug":null,"subcategory2":"loafers","subcategory4":"","category_id":5,"subcategory2_slug":"loafers","store_slug":"giglio","subcategory":"shoes","category":"footwear","brand":"doucals","category_slug":"footwear","sales":[],"variants":[{"title":"Loafers Men","colour":"white","colourimageurl":"","images":{"productimage480_jpg":"https://cdn.obsassets.com/giglio/doucals-loafers-men-564b0_480X480.jpg","productimage130_png":"https://cdn.obsassets.com/giglio/doucals-loafers-men-564b0_130X130.png","productimage80_jpg":"https://cdn.obsassets.com/giglio/doucals-loafers-men-564b0_80X80.jpg","productimage80_png":"https://cdn.obsassets.com/giglio/doucals-loafers-men-564b0_80X80.png","productimage":"http://img.giglio.com/images/prodZoom/B12630.001_1.jpg","productimage180_jpg":"https://cdn.obsassets.com/giglio/doucals-loafers-men-564b0_180X180.jpg"},"size_variants":[{"slug":"doucals-loafers-men-29806","guid":"808f5fcbbb33b068ce4f1a80cb9538ded9cfd427660390b8187358fd4f629806","status":1,"size":"45","saleprice":301,"msrp":301,"offers":0,"stock":"In Stock","url":"http://click.linksynergy.com/link?id=WLgPX6ZX/Ec&offerid=467798.335521&type=15&murl=http://www.giglio.com/gbr/shoes-men_loafers-doucal-s-du2405phoeuf007a.html?cSel=001&utm_source=rk-uk-feed&utm_medium=affiliation&utm_campaign=rk-pr&utm_term=DOUCAL'S%20Loafers","free_delivery":{"saleprice":301,"GB":0,"US":0,"INTERNATIONAL":440},"quantity":0},{"slug":"doucals-loafers-men-564b0","guid":"52b38a1afb0c50df5d62157a8985ef558c7ae62d8e051cec1750aaae6ce564b0","status":1,"size":"40,5","saleprice":301,"msrp":301,"offers":0,"stock":"In Stock","url":"http://click.linksynergy.com/link?id=WLgPX6ZX/Ec&offerid=467798.335520&type=15&murl=http://www.giglio.com/gbr/shoes-men_loafers-doucal-s-du2405phoeuf007a.html?cSel=001&utm_source=rk-uk-feed&utm_medium=affiliation&utm_campaign=rk-pr&utm_term=DOUCAL'S%20Loafers","free_delivery":{"saleprice":301,"GB":0,"US":0,"INTERNATIONAL":440},"quantity":0}]}]},{"store_id":168,"affiliate_id":2,"subcategory2_id":0,"storename":"tessabit","subcategory3_id":0,"subcategory4_id":0,"subcategory_slug":"shoes","subcategory4_slug":null,"brand_id":18837,"subcategory3":"","subcategory_id":117,"subcategory3_slug":null,"subcategory2":"","subcategory4":"","category_id":5,"subcategory2_slug":null,"store_slug":"tessabit","subcategory":"shoes","category":"footwear","brand":"churchs","category_slug":"footwear","sales":[],"variants":[{"title":"Shanghai 10 Leather Shoes ","colour":"brown","colourimageurl":"","images":{"productimage480_jpg":"https://cdn.obsassets.com/tessabit/churchs-shanghai-10-leather-shoes-1445e_480X480.jpg","productimage130_png":"https://cdn.obsassets.com/tessabit/churchs-shanghai-10-leather-shoes-1445e_130X130.png","productimage80_jpg":"https://cdn.obsassets.com/tessabit/churchs-shanghai-10-leather-shoes-1445e_80X80.jpg","productimage80_png":"https://cdn.obsassets.com/tessabit/churchs-shanghai-10-leather-shoes-1445e_80X80.png","productimage":"https://www.tessabit.com/media/catalog/product/2/9/29W---CHURCH_S---EOG0099PWSHANGHAI10F0AEV.JPG","productimage180_jpg":"https://cdn.obsassets.com/tessabit/churchs-shanghai-10-leather-shoes-1445e_180X180.jpg"},"size_variants":[{"slug":"churchs-shanghai-10-leather-shoes-1445e","guid":"a4863fc670c1370420c9171e440f4e69a9d76d32016603c47928a501dd31445e","status":1,"size":"9½","saleprice":561,"msrp":802,"offers":30,"stock":"In Stock","url":"http://click.linksynergy.com/link?id=WLgPX6ZX/Ec&offerid=226286.43439&type=15&murl=http://www.tessabit.com/gb/man-church-s-loafers-shanghai-10-leather-shoes-832089285/?___store=gb","free_delivery":{"saleprice":561,"GB":null,"US":null,"INTERNATIONAL":null},"quantity":0}]}]},{"store_id":24,"affiliate_id":2,"subcategory2_id":956,"storename":"giglio","subcategory3_id":878,"subcategory4_id":0,"subcategory_slug":"shoes","subcategory4_slug":null,"brand_id":3741,"subcategory3":"brogues","subcategory_id":117,"subcategory3_slug":"brogues","subcategory2":"lace-ups","subcategory4":"","category_id":5,"subcategory2_slug":"lace-ups","store_slug":"giglio","subcategory":"shoes","category":"footwear","brand":"hogan","category_slug":"footwear","sales":[],"variants":[{"title":"Brogue Shoes Men","colour":"beige","colourimageurl":"","images":{"productimage480_jpg":"https://cdn.obsassets.com/giglio/hogan-brogue-shoes-men-1a424_480X480.jpg","productimage130_png":"https://cdn.obsassets.com/giglio/hogan-brogue-shoes-men-1a424_130X130.png","productimage80_jpg":"https://cdn.obsassets.com/giglio/hogan-brogue-shoes-men-1a424_80X80.jpg","productimage80_png":"https://cdn.obsassets.com/giglio/hogan-brogue-shoes-men-1a424_80X80.png","productimage":"http://img.giglio.com/images/prodZoom/315282.022_1.jpg","productimage180_jpg":"https://cdn.obsassets.com/giglio/hogan-brogue-shoes-men-1a424_180X180.jpg"},"size_variants":[{"slug":"hogan-brogue-shoes-men-1a424","guid":"5bab7fc09d3479e2a5cbbfc405c9ae32c1a8807fa47bd3fdd739bdc753e1a424","status":1,"size":"10","saleprice":292,"msrp":292,"offers":0,"stock":"In Stock","url":"http://click.linksynergy.com/link?id=WLgPX6ZX/Ec&offerid=467798.300885&type=15&murl=http://www.giglio.com/gbr/shoes-men_brogue-shoes-shoes-men-hogan-hxm4560bo00hg0.html?cSel=022&utm_source=rk-uk-feed&utm_medium=affiliation&utm_campaign=rk-pr&utm_term=HOGAN%20Brogue%20shoes","free_delivery":{"saleprice":292,"GB":0,"US":0,"INTERNATIONAL":440},"quantity":0}]}]},{"store_id":24,"affiliate_id":2,"subcategory2_id":956,"storename":"giglio","subcategory3_id":878,"subcategory4_id":0,"subcategory_slug":"shoes","subcategory4_slug":null,"brand_id":19167,"subcategory3":"brogues","subcategory_id":117,"subcategory3_slug":"brogues","subcategory2":"lace-ups","subcategory4":"","category_id":5,"subcategory2_slug":"lace-ups","store_slug":"giglio","subcategory":"shoes","category":"footwear","brand":"doucals","category_slug":"footwear","sales":[],"variants":[{"title":"Brogue Shoes Men","colour":"black","colourimageurl":"","images":{"productimage480_jpg":"https://cdn.obsassets.com/giglio/doucals-brogue-shoes-men-823af_480X480.jpg","productimage130_png":"https://cdn.obsassets.com/giglio/doucals-brogue-shoes-men-823af_130X130.png","productimage80_jpg":"https://cdn.obsassets.com/giglio/doucals-brogue-shoes-men-823af_80X80.jpg","productimage80_png":"https://cdn.obsassets.com/giglio/doucals-brogue-shoes-men-823af_80X80.png","productimage":"http://img.giglio.com/images/prodZoom/B12639.002_1.jpg","productimage180_jpg":"https://cdn.obsassets.com/giglio/doucals-brogue-shoes-men-823af_180X180.jpg"},"size_variants":[{"slug":"doucals-brogue-shoes-men-823af","guid":"a4e19aff7029e844b59b187395ea3378b8631234e65450adea486e48024823af","status":1,"size":"40","saleprice":217,"msrp":217,"offers":0,"stock":"In Stock","url":"http://click.linksynergy.com/link?id=WLgPX6ZX/Ec&offerid=467798.335580&type=15&murl=http://www.giglio.com/gbr/shoes-men_brogue-shoes-doucal-s-du1002rennuf028n.html?cSel=002&utm_source=rk-uk-feed&utm_medium=affiliation&utm_campaign=rk-pr&utm_term=DOUCAL'S%20Brogue%20shoes","free_delivery":{"saleprice":217,"GB":0,"US":0,"INTERNATIONAL":440},"quantity":0}]}]},{"store_id":24,"affiliate_id":2,"subcategory2_id":956,"storename":"giglio","subcategory3_id":878,"subcategory4_id":0,"subcategory_slug":"shoes","subcategory4_slug":null,"brand_id":16040,"subcategory3":"brogues","subcategory_id":117,"subcategory3_slug":"brogues","subcategory2":"lace-ups","subcategory4":"","category_id":5,"subcategory2_slug":"lace-ups","store_slug":"giglio","subcategory":"shoes","category":"footwear","brand":"marsell","category_slug":"footwear","sales":[],"variants":[{"title":"Brogue Shoes Men","colour":"black","colourimageurl":"","images":{"productimage480_jpg":"https://cdn.obsassets.com/giglio/marsell-brogue-shoes-men-5e289_480X480.jpg","productimage130_png":"https://cdn.obsassets.com/giglio/marsell-brogue-shoes-men-5e289_130X130.png","productimage80_jpg":"https://cdn.obsassets.com/giglio/marsell-brogue-shoes-men-5e289_80X80.jpg","productimage80_png":"https://cdn.obsassets.com/giglio/marsell-brogue-shoes-men-5e289_80X80.png","productimage":"http://img.giglio.com/images/prodZoom/B02798.002_1.jpg","productimage180_jpg":"https://cdn.obsassets.com/giglio/marsell-brogue-shoes-men-5e289_180X180.jpg"},"size_variants":[{"slug":"marsell-brogue-shoes-men-1515b","guid":"bfa86d9e5fe66463451ac5ec59848e43ce3159f0e58e6df1304b04a5ca61515b","status":1,"size":"44","saleprice":295,"msrp":590,"offers":50,"stock":"In Stock","url":"http://click.linksynergy.com/link?id=WLgPX6ZX/Ec&offerid=467798.321718&type=15&murl=http://www.giglio.com/gbr/shoes-men_brogue-shoes-marsell-mm2750200.html?cSel=002&utm_source=rk-uk-feed&utm_medium=affiliation&utm_campaign=rk-pr&utm_term=MARSELL%20Brogue%20shoes","free_delivery":{"saleprice":295,"GB":0,"US":0,"INTERNATIONAL":440},"quantity":0},{"slug":"marsell-brogue-shoes-men-3e2ab","guid":"f30b57f35d2099653d42ea75475cb57b238b9321f2b3605857c366424c83e2ab","status":1,"size":"42,5","saleprice":295,"msrp":590,"offers":50,"stock":"In Stock","url":"http://click.linksynergy.com/link?id=WLgPX6ZX/Ec&offerid=467798.321719&type=15&murl=http://www.giglio.com/gbr/shoes-men_brogue-shoes-marsell-mm2750200.html?cSel=002&utm_source=rk-uk-feed&utm_medium=affiliation&utm_campaign=rk-pr&utm_term=MARSELL%20Brogue%20shoes","free_delivery":{"saleprice":295,"GB":0,"US":0,"INTERNATIONAL":440},"quantity":0},{"slug":"marsell-brogue-shoes-men-5e289","guid":"424d865d6688a21955748b8576797e2b273b226fdb7844e557d3590a37b5e289","status":1,"size":"40","saleprice":295,"msrp":590,"offers":50,"stock":"In Stock","url":"http://click.linksynergy.com/link?id=WLgPX6ZX/Ec&offerid=467798.321717&type=15&murl=http://www.giglio.com/gbr/shoes-men_brogue-shoes-marsell-mm2750200.html?cSel=002&utm_source=rk-uk-feed&utm_medium=affiliation&utm_campaign=rk-pr&utm_term=MARSELL%20Brogue%20shoes","free_delivery":{"saleprice":295,"GB":0,"US":0,"INTERNATIONAL":440},"quantity":0}]}]},{"store_id":168,"affiliate_id":2,"subcategory2_id":889,"storename":"tessabit","subcategory3_id":0,"subcategory4_id":0,"subcategory_slug":"shoes","subcategory4_slug":null,"brand_id":18035,"subcategory3":"","subcategory_id":117,"subcategory3_slug":null,"subcategory2":"moccasins","subcategory4":"","category_id":5,"subcategory2_slug":"moccasins","store_slug":"tessabit","subcategory":"shoes","category":"footwear","brand":"tods","category_slug":"footwear","sales":[],"variants":[{"title":"Leather Moccasin ","colour":"blue","colourimageurl":"","images":{"productimage480_jpg":"https://cdn.obsassets.com/tessabit/tods-leather-moccasin-115f7_480X480.jpg","productimage130_png":"https://cdn.obsassets.com/tessabit/tods-leather-moccasin-115f7_130X130.png","productimage80_jpg":"https://cdn.obsassets.com/tessabit/tods-leather-moccasin-115f7_80X80.jpg","productimage80_png":"https://cdn.obsassets.com/tessabit/tods-leather-moccasin-115f7_80X80.png","productimage":"https://www.tessabit.com/media/catalog/product/3/0/30S---TOD_S---XXM0EO00010RE09979.JPG","productimage180_jpg":"https://cdn.obsassets.com/tessabit/tods-leather-moccasin-115f7_180X180.jpg"},"size_variants":[{"slug":"tods-leather-moccasin-3d920","guid":"31cb7ed5aeaa3258a57ec32cdfd0986f5bb4233043329f0a434272015583d920","status":1,"size":"10","saleprice":373,"msrp":373,"offers":0,"stock":"In Stock","url":"http://click.linksynergy.com/link?id=WLgPX6ZX/Ec&offerid=226286.64989&type=15&murl=http://www.tessabit.com/gb/man-tod-s-leather-moccasin-833747053/?___store=gb","free_delivery":{"saleprice":373,"GB":null,"US":null,"INTERNATIONAL":null},"quantity":0},{"slug":"tods-leather-moccasin-f5b6f","guid":"49e0b59d591dc859d5acc02c3ad8663a20f891e28287cc13066aa506717f5b6f","status":1,"size":"9½","saleprice":373,"msrp":373,"offers":0,"stock":"In Stock","url":"http://click.linksynergy.com/link?id=WLgPX6ZX/Ec&offerid=226286.64988&type=15&murl=http://www.tessabit.com/gb/man-tod-s-leather-moccasin-833747053/?___store=gb","free_delivery":{"saleprice":373,"GB":null,"US":null,"INTERNATIONAL":null},"quantity":0},{"slug":"tods-leather-moccasin-e8fa7","guid":"41cbce915a28207483a1be913effb0c1e1466f7060c7e0779cd7925e959e8fa7","status":1,"size":"8","saleprice":373,"msrp":373,"offers":0,"stock":"In Stock","url":"http://click.linksynergy.com/link?id=WLgPX6ZX/Ec&offerid=226286.64985&type=15&murl=http://www.tessabit.com/gb/man-tod-s-loafers-leather-moccasin-833747053/?___store=gb","free_delivery":{"saleprice":373,"GB":null,"US":null,"INTERNATIONAL":null},"quantity":0}]}]},{"store_id":106,"affiliate_id":3,"subcategory2_id":0,"storename":"outdoor gear","subcategory3_id":0,"subcategory4_id":0,"subcategory_slug":"shoes","subcategory4_slug":null,"brand_id":3039,"subcategory3":"","subcategory_id":117,"subcategory3_slug":null,"subcategory2":"","subcategory4":"","category_id":5,"subcategory2_slug":null,"store_slug":"outdoorgear","subcategory":"shoes","category":"footwear","brand":"dunlop","category_slug":"footwear","sales":[],"variants":[{"title":"Wellie Shoe","colour":null,"colourimageurl":"","images":{"productimage480_jpg":"https://cdn.obsassets.com/outdoorgear/dunlop-wellie-shoe-01da3_480X480.jpg","productimage130_png":"https://cdn.obsassets.com/outdoorgear/dunlop-wellie-shoe-01da3_130X130.png","productimage80_jpg":"https://cdn.obsassets.com/outdoorgear/dunlop-wellie-shoe-01da3_80X80.jpg","productimage80_png":"https://cdn.obsassets.com/outdoorgear/dunlop-wellie-shoe-01da3_80X80.png","productimage":"https://www.outdoorgear.co.uk/pix/big/116039-02_XL1.jpg","productimage180_jpg":"https://cdn.obsassets.com/outdoorgear/dunlop-wellie-shoe-01da3_180X180.jpg"},"size_variants":[{"slug":"dunlop-wellie-shoe-01da3","guid":"9be3a1ddb22f6ffd78abfea2eb5e536ef83e97d0b9dc6abc868d9d1bed401da3","status":1,"size":"","saleprice":10.81,"msrp":10.81,"offers":0,"stock":"In Stock","url":"https://www.outdoorgear.co.uk/Dunlop-Wellie-Shoe-sku11603901.asp?utm_source=AffiliateWindow&utm_medium=Affiliate-Partners&utm_campaign=AffiliateWindow-datafeed&CameFrom=aw?null","free_delivery":{"saleprice":10.81,"GB":50,"US":null,"INTERNATIONAL":null},"quantity":0}]}]},{"store_id":168,"affiliate_id":2,"subcategory2_id":1516,"storename":"tessabit","subcategory3_id":0,"subcategory4_id":0,"subcategory_slug":"shoes","subcategory4_slug":null,"brand_id":5893,"subcategory3":"","subcategory_id":117,"subcategory3_slug":null,"subcategory2":"loafers","subcategory4":"","category_id":5,"subcategory2_slug":"loafers","store_slug":"tessabit","subcategory":"shoes","category":"footwear","brand":"santoni","category_slug":"footwear","sales":[],"variants":[{"title":"Leather Loafer ","colour":"brown","colourimageurl":"","images":{"productimage480_jpg":"https://cdn.obsassets.com/tessabit/santoni-leather-loafer-26f63_480X480.jpg","productimage130_png":"https://cdn.obsassets.com/tessabit/santoni-leather-loafer-26f63_130X130.png","productimage80_jpg":"https://cdn.obsassets.com/tessabit/santoni-leather-loafer-26f63_80X80.jpg","productimage80_png":"https://cdn.obsassets.com/tessabit/santoni-leather-loafer-26f63_80X80.png","productimage":"https://www.tessabit.com/media/catalog/product/2/9/29W---SANTONI---MCNC16848SI5ESERB52.JPG","productimage180_jpg":"https://cdn.obsassets.com/tessabit/santoni-leather-loafer-26f63_180X180.jpg"},"size_variants":[{"slug":"santoni-leather-loafer-26f63","guid":"1e30f0b3d53a3afb57d9e89365c4761bc4b439342bfda51abca340bc3ed26f63","status":1,"size":"6½","saleprice":410,"msrp":585,"offers":30,"stock":"In Stock","url":"http://click.linksynergy.com/link?id=WLgPX6ZX/Ec&offerid=226286.58024&type=15&murl=http://www.tessabit.com/gb/man-santoni-leather-loafer-830292805/?___store=gb","free_delivery":{"saleprice":410,"GB":null,"US":null,"INTERNATIONAL":null},"quantity":0}]}]},{"store_id":168,"affiliate_id":2,"subcategory2_id":871,"storename":"tessabit","subcategory3_id":1663,"subcategory4_id":0,"subcategory_slug":"shoes","subcategory4_slug":null,"brand_id":15470,"subcategory3":"pool sliders","subcategory_id":117,"subcategory3_slug":"pool-sliders","subcategory2":"flats","subcategory4":"","category_id":5,"subcategory2_slug":"flats","store_slug":"tessabit","subcategory":"shoes","category":"footwear","brand":"y3","category_slug":"footwear","sales":[],"variants":[{"title":"Logo Mule ","colour":"black","colourimageurl":"","images":{"productimage480_jpg":"https://cdn.obsassets.com/tessabit/y3-logo-mule-d7318_480X480.jpg","productimage130_png":"https://cdn.obsassets.com/tessabit/y3-logo-mule-d7318_130X130.png","productimage80_jpg":"https://cdn.obsassets.com/tessabit/y3-logo-mule-d7318_80X80.jpg","productimage80_png":"https://cdn.obsassets.com/tessabit/y3-logo-mule-d7318_80X80.png","productimage":"https://www.tessabit.com/media/catalog/product/2/9/29S---Y-3---G26892Y-3ADILETTEAOPBLACK.JPG","productimage180_jpg":"https://cdn.obsassets.com/tessabit/y3-logo-mule-d7318_180X180.jpg"},"size_variants":[{"slug":"y3-logo-mule-d7318","guid":"75c16186be7595ea5c770c2079cb6f09c01cd7d50b8f6160e6153944664d7318","status":1,"size":"7","saleprice":80,"msrp":114,"offers":30,"stock":"In Stock","url":"http://click.linksynergy.com/link?id=WLgPX6ZX/Ec&offerid=226286.13882&type=15&murl=http://www.tessabit.com/gb/catalog/product/view/id/352458/s/logo-mule/?___store=gb","free_delivery":{"saleprice":80,"GB":null,"US":null,"INTERNATIONAL":null},"quantity":0}]}]},{"store_id":24,"affiliate_id":2,"subcategory2_id":1516,"storename":"giglio","subcategory3_id":0,"subcategory4_id":0,"subcategory_slug":"shoes","subcategory4_slug":null,"brand_id":18837,"subcategory3":"","subcategory_id":117,"subcategory3_slug":null,"subcategory2":"loafers","subcategory4":"","category_id":5,"subcategory2_slug":"loafers","store_slug":"giglio","subcategory":"shoes","category":"footwear","brand":"churchs","category_slug":"footwear","sales":[],"variants":[{"title":"Loafers Shoes Men","colour":"blue","colourimageurl":"","images":{"productimage480_jpg":"https://cdn.obsassets.com/giglio/churchs-loafers-shoes-men-c0fb5_480X480.jpg","productimage130_png":"https://cdn.obsassets.com/giglio/churchs-loafers-shoes-men-c0fb5_130X130.png","productimage80_jpg":"https://cdn.obsassets.com/giglio/churchs-loafers-shoes-men-c0fb5_80X80.jpg","productimage80_png":"https://cdn.obsassets.com/giglio/churchs-loafers-shoes-men-c0fb5_80X80.png","productimage":"http://img.giglio.com/images/prodZoom/316761.009_1.jpg","productimage180_jpg":"https://cdn.obsassets.com/giglio/churchs-loafers-shoes-men-c0fb5_180X180.jpg"},"size_variants":[{"slug":"churchs-loafers-shoes-men-c0fb5","guid":"8b0ba6c5f9be5232ff23c79323a98270b118bcaaac8ea67e9f4fd595e09c0fb5","status":1,"size":"7,5","saleprice":459,"msrp":459,"offers":0,"stock":"In Stock","url":"http://click.linksynergy.com/link?id=WLgPX6ZX/Ec&offerid=467798.321228&type=15&murl=http://www.giglio.com/gbr/shoes-men_loafers-shoes-men-church-s-edb0039ve-235.html?cSel=009&utm_source=rk-uk-feed&utm_medium=affiliation&utm_campaign=rk-pr&utm_term=CHURCH'S%20Loafers","free_delivery":{"saleprice":459,"GB":0,"US":0,"INTERNATIONAL":440},"quantity":0}]}]},{"store_id":24,"affiliate_id":2,"subcategory2_id":956,"storename":"giglio","subcategory3_id":878,"subcategory4_id":0,"subcategory_slug":"shoes","subcategory4_slug":null,"brand_id":16040,"subcategory3":"brogues","subcategory_id":117,"subcategory3_slug":"brogues","subcategory2":"lace-ups","subcategory4":"","category_id":5,"subcategory2_slug":"lace-ups","store_slug":"giglio","subcategory":"shoes","category":"footwear","brand":"marsell","category_slug":"footwear","sales":[],"variants":[{"title":"Brogue Shoes Men","colour":"black","colourimageurl":"","images":{"productimage480_jpg":"https://cdn.obsassets.com/giglio/marsell-brogue-shoes-men-1e078_480X480.jpg","productimage130_png":"https://cdn.obsassets.com/giglio/marsell-brogue-shoes-men-1e078_130X130.png","productimage80_jpg":"https://cdn.obsassets.com/giglio/marsell-brogue-shoes-men-1e078_80X80.jpg","productimage80_png":"https://cdn.obsassets.com/giglio/marsell-brogue-shoes-men-1e078_80X80.png","productimage":"http://img.giglio.com/images/prodZoom/B06162.002_1.jpg","productimage180_jpg":"https://cdn.obsassets.com/giglio/marsell-brogue-shoes-men-1e078_180X180.jpg"},"size_variants":[{"slug":"marsell-brogue-shoes-men-1e078","guid":"a5c33f8b09458da650e61caee8c9a1548df9c27fe1b6e28944b9c1e702a1e078","status":1,"size":"41,5","saleprice":416,"msrp":416,"offers":0,"stock":"In Stock","url":"http://click.linksynergy.com/link?id=WLgPX6ZX/Ec&offerid=467798.334522&type=15&murl=http://www.giglio.com/gbr/shoes-men_brogue-shoes-marsell-mm3101260.html?cSel=002&utm_source=rk-uk-feed&utm_medium=affiliation&utm_campaign=rk-pr&utm_term=MARSELL%20Brogue%20shoes","free_delivery":{"saleprice":416,"GB":0,"US":0,"INTERNATIONAL":440},"quantity":0}]}]},{"store_id":24,"affiliate_id":2,"subcategory2_id":1516,"storename":"giglio","subcategory3_id":0,"subcategory4_id":0,"subcategory_slug":"shoes","subcategory4_slug":null,"brand_id":99,"subcategory3":"","subcategory_id":117,"subcategory3_slug":null,"subcategory2":"loafers","subcategory4":"","category_id":5,"subcategory2_slug":"loafers","store_slug":"giglio","subcategory":"shoes","category":"footwear","brand":"fendi","category_slug":"footwear","sales":[],"variants":[{"title":"Loafers Shoes Men","colour":"black","colourimageurl":"","images":{"productimage480_jpg":"https://cdn.obsassets.com/giglio/fendi-loafers-shoes-men-a0ef1_480X480.jpg","productimage130_png":"https://cdn.obsassets.com/giglio/fendi-loafers-shoes-men-a0ef1_130X130.png","productimage80_jpg":"https://cdn.obsassets.com/giglio/fendi-loafers-shoes-men-a0ef1_80X80.jpg","productimage80_png":"https://cdn.obsassets.com/giglio/fendi-loafers-shoes-men-a0ef1_80X80.png","productimage":"http://img.giglio.com/images/prodZoom/310915.002_1.jpg","productimage180_jpg":"https://cdn.obsassets.com/giglio/fendi-loafers-shoes-men-a0ef1_180X180.jpg"},"size_variants":[{"slug":"fendi-loafers-shoes-men-8c4b7","guid":"2e343106bbf5b78fe6497a7ee8d154f058c5eb9aafce0363d0e10ba08b58c4b7","status":1,"size":"8","saleprice":626,"msrp":626,"offers":0,"stock":"In Stock","url":"http://click.linksynergy.com/link?id=WLgPX6ZX/Ec&offerid=467798.296255&type=15&murl=http://www.giglio.com/gbr/shoes-men_loafers-shoes-men-fendi-7d1300a9sj.html?cSel=002&utm_source=rk-uk-feed&utm_medium=affiliation&utm_campaign=rk-pr&utm_term=FENDI%20Loafers","free_delivery":{"saleprice":626,"GB":0,"US":0,"INTERNATIONAL":440},"quantity":0},{"slug":"fendi-loafers-shoes-men-a0ef1","guid":"bdd43cef250c00f89b9db6e71e1f80c4034f1e4c549ab50da2ea74111caa0ef1","status":1,"size":"8,5","saleprice":626,"msrp":626,"offers":0,"stock":"In Stock","url":"http://click.linksynergy.com/link?id=WLgPX6ZX/Ec&offerid=467798.296261&type=15&murl=http://www.giglio.com/gbr/shoes-men_loafers-shoes-men-fendi-7d1300a9sj.html?cSel=002&utm_source=rk-uk-feed&utm_medium=affiliation&utm_campaign=rk-pr&utm_term=FENDI%20Loafers","free_delivery":{"saleprice":626,"GB":0,"US":0,"INTERNATIONAL":440},"quantity":0}]}]},{"store_id":112,"affiliate_id":3,"subcategory2_id":2597,"storename":"asos","subcategory3_id":2901,"subcategory4_id":0,"subcategory_slug":"shoes","subcategory4_slug":null,"brand_id":8670,"subcategory3":"court","subcategory_id":117,"subcategory3_slug":"court","subcategory2":"pumps","subcategory4":"","category_id":5,"subcategory2_slug":"pumps","store_slug":"asos","subcategory":"shoes","category":"footwear","brand":"adidas originals","category_slug":"footwear","sales":[],"variants":[{"title":"Court Vantage Trainers Cq2562","colour":"black","colourimageurl":"","images":{"productimage480_jpg":"https://cdn.obsassets.com/asos/adidas-originals-court-vantage-trainers-cq2562-431fd_480X480.jpg","productimage130_png":"https://cdn.obsassets.com/asos/adidas-originals-court-vantage-trainers-cq2562-431fd_130X130.png","productimage80_jpg":"https://cdn.obsassets.com/asos/adidas-originals-court-vantage-trainers-cq2562-431fd_80X80.jpg","productimage80_png":"https://cdn.obsassets.com/asos/adidas-originals-court-vantage-trainers-cq2562-431fd_80X80.png","productimage":"https://images.asos-media.com/products/adidas-originals-court-vantage-trainers-in-black-cq2562/8839286-1-black?$XXL$","productimage180_jpg":"https://cdn.obsassets.com/asos/adidas-originals-court-vantage-trainers-cq2562-431fd_180X180.jpg"},"size_variants":[{"slug":"adidas-originals-court-vantage-trainers-cq2562-431fd","guid":"234b2f929a3e2b0a60e45cad3c0d2534c0d29c77c7f443fd035a9e51b97431fd","status":1,"size":"5","saleprice":24,"msrp":24,"offers":0,"stock":"Out Of Stock","url":"https://www.awin1.com/pclick.php?p=24957740453&a=209487&m=5678?www.asos.com","free_delivery":{"saleprice":24,"GB":30,"US":31.66,"INTERNATIONAL":null},"quantity":0}]}]},{"store_id":24,"affiliate_id":2,"subcategory2_id":956,"storename":"giglio","subcategory3_id":878,"subcategory4_id":0,"subcategory_slug":"shoes","subcategory4_slug":null,"brand_id":19167,"subcategory3":"brogues","subcategory_id":117,"subcategory3_slug":"brogues","subcategory2":"lace-ups","subcategory4":"","category_id":5,"subcategory2_slug":"lace-ups","store_slug":"giglio","subcategory":"shoes","category":"footwear","brand":"doucals","category_slug":"footwear","sales":[],"variants":[{"title":"Brogue Shoes Men","colour":"blue","colourimageurl":"","images":{"productimage480_jpg":"https://cdn.obsassets.com/giglio/doucals-brogue-shoes-men-92deb_480X480.jpg","productimage130_png":"https://cdn.obsassets.com/giglio/doucals-brogue-shoes-men-92deb_130X130.png","productimage80_jpg":"https://cdn.obsassets.com/giglio/doucals-brogue-shoes-men-92deb_80X80.jpg","productimage80_png":"https://cdn.obsassets.com/giglio/doucals-brogue-shoes-men-92deb_80X80.png","productimage":"http://img.giglio.com/images/prodZoom/B12629.009_1.jpg","productimage
[...]
slug":"asos","subcategory":"dresses","category":"clothing","brand":"vila","category_slug":"clothing","sales":[],"variants":[{"title":"Oversize Paisley Playsuit","colour":null,"colourimageurl":"","images":{"productimage480_jpg":"https://cdn.obsassets.com/asos/vila-oversize-paisley-playsuit-2093d_480X480.jpg","productimage130_png":"https://cdn.obsassets.com/asos/vila-oversize-paisley-playsuit-2093d_130X130.png","productimage80_jpg":"https://cdn.obsassets.com/asos/vila-oversize-paisley-playsuit-2093d_80X80.jpg","productimage80_png":"https://cdn.obsassets.com/asos/vila-oversize-paisley-playsuit-2093d_80X80.png","productimage":"https://images.asos-media.com/products/vila-oversize-paisley-playsuit/11686604-1-multi?$XXL$","productimage180_jpg":"https://cdn.obsassets.com/asos/vila-oversize-paisley-playsuit-2093d_180X180.jpg"},"size_variants":[{"slug":"vila-oversize-paisley-playsuit-2093d","guid":"0194bb0893b35e50cd3544a712d680fff365f9e0f3cba8c8d981bd4ad152093d","status":1,"size":"38","saleprice":12,"msrp":16.5,"offers":25,"stock":"Out Of Stock","url":"https://www.awin1.com/pclick.php?p=24958962771&a=209487&m=5678?www.asos.com","free_delivery":{"saleprice":12,"GB":30,"US":31.66,"INTERNATIONAL":null},"quantity":0}]}]},{"store_id":112,"affiliate_id":3,"subcategory2_id":510,"storename":"asos","subcategory3_id":0,"subcategory4_id":0,"subcategory_slug":"dresses","subcategory4_slug":null,"brand_id":26180,"subcategory3":"","subcategory_id":502,"subcategory3_slug":null,"subcategory2":"playsuit","subcategory4":"","category_id":4,"subcategory2_slug":"playsuit","store_slug":"asos","subcategory":"dresses","category":"clothing","brand":"asos design","category_slug":"clothing","sales":[],"variants":[{"title":"Plunge Tux Playsuit","colour":"yellow","colourimageurl":"","images":{"productimage480_jpg":"https://cdn.obsassets.com/asos/asos-design-plunge-tux-playsuit-63f5a_480X480.jpg","productimage130_png":"https://cdn.obsassets.com/asos/asos-design-plunge-tux-playsuit-63f5a_130X130.png","productimage80_jpg":"https://cdn.obsassets.com/asos/asos-design-plunge-tux-playsuit-63f5a_80X80.jpg","productimage80_png":"https://cdn.obsassets.com/asos/asos-design-plunge-tux-playsuit-63f5a_80X80.png","productimage":"https://images.asos-media.com/products/asos-design-plunge-tux-playsuit/13278879-1-chartreuse?$XXL$","productimage180_jpg":"https://cdn.obsassets.com/asos/asos-design-plunge-tux-playsuit-63f5a_180X180.jpg"},"size_variants":[{"slug":"asos-design-plunge-tux-playsuit-63f5a","guid":"0b92f958e4583cbc1a131df2b47877e99ae9d10ee738dfabd321d61693e63f5a","status":1,"size":"14","saleprice":24,"msrp":24,"offers":0,"stock":"In Stock","url":"https://www.awin1.com/pclick.php?p=25135887141&a=209487&m=5678?www.asos.com","free_delivery":{"saleprice":24,"GB":30,"US":31.66,"INTERNATIONAL":null},"quantity":0}]}]},{"store_id":112,"affiliate_id":3,"subcategory2_id":510,"storename":"asos","subcategory3_id":0,"subcategory4_id":0,"subcategory_slug":"dresses","subcategory4_slug":null,"brand_id":26180,"subcategory3":"","subcategory_id":502,"subcategory3_slug":null,"subcategory2":"playsuit","subcategory4":"","category_id":4,"subcategory2_slug":"playsuit","store_slug":"asos","subcategory":"dresses","category":"clothing","brand":"asos design","category_slug":"clothing","sales":[],"variants":[{"title":"Beach Playsuit","colour":null,"colourimageurl":"","images":{"productimage480_jpg":"https://cdn.obsassets.com/asos/asos-design-beach-playsuit-f0077_480X480.jpg","productimage130_png":"https://cdn.obsassets.com/asos/asos-design-beach-playsuit-f0077_130X130.png","productimage80_jpg":"https://cdn.obsassets.com/asos/asos-design-beach-playsuit-f0077_80X80.jpg","productimage80_png":"https://cdn.obsassets.com/asos/asos-design-beach-playsuit-f0077_80X80.png","productimage":"https://images.asos-media.com/products/asos-design-beach-playsuit-in-pink-zebra-animal-print-with-tassel-trim/11104586-1-pinkzebra?$XXL$","productimage180_jpg":"https://cdn.obsassets.com/asos/asos-design-beach-playsuit-f0077_180X180.jpg"},"size_variants":[{"slug":"asos-design-beach-playsuit-f0077","guid":"e321ab6b9d1c2f7325b8312c98c6cd9f59375b630fe32a64bbd3987b1fef0077","status":1,"size":"6","saleprice":9,"msrp":9,"offers":0,"stock":"In Stock","url":"https://www.awin1.com/pclick.php?p=24960418409&a=209487&m=5678?www.asos.com","free_delivery":{"saleprice":9,"GB":30,"US":31.66,"INTERNATIONAL":null},"quantity":0}]}]},{"store_id":112,"affiliate_id":3,"subcategory2_id":510,"storename":"asos","subcategory3_id":0,"subcategory4_id":0,"subcategory_slug":"dresses","subcategory4_slug":null,"brand_id":17231,"subcategory3":"","subcategory_id":502,"subcategory3_slug":null,"subcategory2":"playsuit","subcategory4":"","category_id":4,"subcategory2_slug":"playsuit","store_slug":"asos","subcategory":"dresses","category":"clothing","brand":"moon river","category_slug":"clothing","sales":[],"variants":[{"title":"Ditsy Floral Print Ruffle Playsuit","colour":"white","colourimageurl":"","images":{"productimage480_jpg":"https://cdn.obsassets.com/asos/moon-river-ditsy-floral-print-ruffle-playsuit-2ec93_480X480.jpg","productimage130_png":"https://cdn.obsassets.com/asos/moon-river-ditsy-floral-print-ruffle-playsuit-2ec93_130X130.png","productimage80_jpg":"https://cdn.obsassets.com/asos/moon-river-ditsy-floral-print-ruffle-playsuit-2ec93_80X80.jpg","productimage80_png":"https://cdn.obsassets.com/asos/moon-river-ditsy-floral-print-ruffle-playsuit-2ec93_80X80.png","productimage":"https://images.asos-media.com/products/moon-river-ditsy-floral-print-ruffle-playsuit/12452418-1-peachfloral?$XXL$","productimage180_jpg":"https://cdn.obsassets.com/asos/moon-river-ditsy-floral-print-ruffle-playsuit-2ec93_180X180.jpg"},"size_variants":[{"slug":"moon-river-ditsy-floral-print-ruffle-playsuit-2ec93","guid":"8f3a53ec87a43eca1cc2f26c5f348b6e90d18af11e1afdf47c66e3c2df32ec93","status":1,"size":"S","saleprice":35,"msrp":26.5,"offers":-30,"stock":"In Stock","url":"https://www.awin1.com/pclick.php?p=24959993647&a=209487&m=5678?www.asos.com","free_delivery":{"saleprice":35,"GB":30,"US":31.66,"INTERNATIONAL":null},"quantity":0}]}]},{"store_id":112,"affiliate_id":3,"subcategory2_id":510,"storename":"asos","subcategory3_id":0,"subcategory4_id":0,"subcategory_slug":"dresses","subcategory4_slug":null,"brand_id":26180,"subcategory3":"","subcategory_id":502,"subcategory3_slug":null,"subcategory2":"playsuit","subcategory4":"","category_id":4,"subcategory2_slug":"playsuit","store_slug":"asos","subcategory":"dresses","category":"clothing","brand":"asos design","category_slug":"clothing","sales":[],"variants":[{"title":"Beach Playsuit With Lattice Back","colour":"white","colourimageurl":"","images":{"productimage480_jpg":"https://cdn.obsassets.com/asos/asos-design-beach-playsuit-with-lattice-back-50980_480X480.jpg","productimage130_png":"https://cdn.obsassets.com/asos/asos-design-beach-playsuit-with-lattice-back-50980_130X130.png","productimage80_jpg":"https://cdn.obsassets.com/asos/asos-design-beach-playsuit-with-lattice-back-50980_80X80.jpg","productimage80_png":"https://cdn.obsassets.com/asos/asos-design-beach-playsuit-with-lattice-back-50980_80X80.png","productimage":"https://images.asos-media.com/products/asos-design-beach-playsuit-with-lattice-back-in-natural-crinkle-fabric/12187307-1-white?$XXL$","productimage180_jpg":"https://cdn.obsassets.com/asos/asos-design-beach-playsuit-with-lattice-back-50980_180X180.jpg"},"size_variants":[{"slug":"asos-design-beach-playsuit-with-lattice-back-50980","guid":"dbfcfbc8c8e8797a161fb9dd513ea470a9447207afb41c934f81533fb9450980","status":1,"size":"14","saleprice":10.5,"msrp":10.5,"offers":0,"stock":"Out Of Stock","url":"https://www.awin1.com/pclick.php?p=24959386015&a=209487&m=5678?www.asos.com","free_delivery":{"saleprice":10.5,"GB":30,"US":31.66,"INTERNATIONAL":null},"quantity":0}]}]},{"store_id":112,"affiliate_id":3,"subcategory2_id":510,"storename":"asos","subcategory3_id":0,"subcategory4_id":0,"subcategory_slug":"dresses","subcategory4_slug":null,"brand_id":26180,"subcategory3":"","subcategory_id":502,"subcategory3_slug":null,"subcategory2":"playsuit","subcategory4":"","category_id":4,"subcategory2_slug":"playsuit","store_slug":"asos","subcategory":"dresses","category":"clothing","brand":"asos design","category_slug":"clothing","sales":[],"variants":[{"title":"Swing Playsuit Mixed Ditsy Print","colour":null,"colourimageurl":"","images":{"productimage480_jpg":"https://cdn.obsassets.com/asos/asos-design-swing-playsuit-mixed-ditsy-print-fbf77_480X480.jpg","productimage130_png":"https://cdn.obsassets.com/asos/asos-design-swing-playsuit-mixed-ditsy-print-fbf77_130X130.png","productimage80_jpg":"https://cdn.obsassets.com/asos/asos-design-swing-playsuit-mixed-ditsy-print-fbf77_80X80.jpg","productimage80_png":"https://cdn.obsassets.com/asos/asos-design-swing-playsuit-mixed-ditsy-print-fbf77_80X80.png","productimage":"https://images.asos-media.com/products/asos-design-swing-playsuit-in-mixed-ditsy-print/10395192-1-mono?$XXL$","productimage180_jpg":"https://cdn.obsassets.com/asos/asos-design-swing-playsuit-mixed-ditsy-print-fbf77_180X180.jpg"},"size_variants":[{"slug":"asos-design-swing-playsuit-mixed-ditsy-print-fbf77","guid":"2527487934254393d203a3c6a9881fb531f187e9ee096643d1a02861bcefbf77","status":1,"size":"4","saleprice":8.5,"msrp":8.5,"offers":0,"stock":"In Stock","url":"https://www.awin1.com/pclick.php?p=24958172777&a=209487&m=5678?www.asos.com","free_delivery":{"saleprice":8.5,"GB":30,"US":31.66,"INTERNATIONAL":null},"quantity":0}]}]},{"store_id":112,"affiliate_id":3,"subcategory2_id":510,"storename":"asos","subcategory3_id":0,"subcategory4_id":0,"subcategory_slug":"dresses","subcategory4_slug":null,"brand_id":16374,"subcategory3":"","subcategory_id":502,"subcategory3_slug":null,"subcategory2":"playsuit","subcategory4":"","category_id":4,"subcategory2_slug":"playsuit","store_slug":"asos","subcategory":"dresses","category":"clothing","brand":"noisy may","category_slug":"clothing","sales":[],"variants":[{"title":"Cold Shoulder Playsuit","colour":"orange","colourimageurl":"","images":{"productimage480_jpg":"https://cdn.obsassets.com/asos/noisy-may-cold-shoulder-playsuit-4c9b7_480X480.jpg","productimage130_png":"https://cdn.obsassets.com/asos/noisy-may-cold-shoulder-playsuit-4c9b7_130X130.png","productimage80_jpg":"https://cdn.obsassets.com/asos/noisy-may-cold-shoulder-playsuit-4c9b7_80X80.jpg","productimage80_png":"https://cdn.obsassets.com/asos/noisy-may-cold-shoulder-playsuit-4c9b7_80X80.png","productimage":"https://images.asos-media.com/products/noisy-may-cold-shoulder-playsuit/9326989-1-orange?$XXL$","productimage180_jpg":"https://cdn.obsassets.com/asos/noisy-may-cold-shoulder-playsuit-4c9b7_180X180.jpg"},"size_variants":[{"slug":"noisy-may-cold-shoulder-playsuit-4c9b7","guid":"921e348b9563d27185be312d5bdd1588214775ce140076c9b5e88e9b4394c9b7","status":1,"size":"M","saleprice":9.5,"msrp":9.5,"offers":0,"stock":"Out Of Stock","url":"https://www.awin1.com/pclick.php?p=24957790317&a=209487&m=5678?www.asos.com","free_delivery":{"saleprice":9.5,"GB":30,"US":31.66,"INTERNATIONAL":null},"quantity":0}]}]},{"store_id":112,"affiliate_id":3,"subcategory2_id":510,"storename":"asos","subcategory3_id":0,"subcategory4_id":0,"subcategory_slug":"dresses","subcategory4_slug":null,"brand_id":26180,"subcategory3":"","subcategory_id":502,"subcategory3_slug":null,"subcategory2":"playsuit","subcategory4":"","category_id":4,"subcategory2_slug":"playsuit","store_slug":"asos","subcategory":"dresses","category":"clothing","brand":"asos design","category_slug":"clothing","sales":[],"variants":[{"title":"Tie Waist Plunge Beach Playsuit Dalmatian Spot Print","colour":null,"colourimageurl":"","images":{"productimage480_jpg":"https://cdn.obsassets.com/asos/asos-design-tie-waist-plunge-beach-playsuit-dalmatian-spot-print-bf836_480X480.jpg","productimage130_png":"https://cdn.obsassets.com/asos/asos-design-tie-waist-plunge-beach-playsuit-dalmatian-spot-print-bf836_130X130.png","productimage80_jpg":"https://cdn.obsassets.com/asos/asos-design-tie-waist-plunge-beach-playsuit-dalmatian-spot-print-bf836_80X80.jpg","productimage80_png":"https://cdn.obsassets.com/asos/asos-design-tie-waist-plunge-beach-playsuit-dalmatian-spot-print-bf836_80X80.png","productimage":"https://images.asos-media.com/products/asos-design-tie-waist-plunge-beach-playsuit-dalmatian-spot-print/11868556-1-dalmationspotprint?$XXL$","productimage180_jpg":"https://cdn.obsassets.com/asos/asos-design-tie-waist-plunge-beach-playsuit-dalmatian-spot-print-bf836_180X180.jpg"},"size_variants":[{"slug":"asos-design-tie-waist-plunge-beach-playsuit-dalmatian-spot-print-bf836","guid":"ed04226bbe1cbfd463243360a9fef7a104bf9b40d6112b73a0341236967bf836","status":1,"size":"4","saleprice":16,"msrp":16,"offers":0,"stock":"Out Of Stock","url":"https://www.awin1.com/pclick.php?p=24959135135&a=209487&m=5678?www.asos.com","free_delivery":{"saleprice":16,"GB":30,"US":31.66,"INTERNATIONAL":null},"quantity":0}]}]},{"store_id":112,"affiliate_id":3,"subcategory2_id":510,"storename":"asos","subcategory3_id":0,"subcategory4_id":0,"subcategory_slug":"dresses","subcategory4_slug":null,"brand_id":26180,"subcategory3":"","subcategory_id":502,"subcategory3_slug":null,"subcategory2":"playsuit","subcategory4":"","category_id":4,"subcategory2_slug":"playsuit","store_slug":"asos","subcategory":"dresses","category":"clothing","brand":"asos design","category_slug":"clothing","sales":[],"variants":[{"title":"Petite Plunge Tux Playsuit","colour":"yellow","colourimageurl":"","images":{"productimage480_jpg":"https://cdn.obsassets.com/asos/asos-design-petite-plunge-tux-playsuit-9c1de_480X480.jpg","productimage130_png":"https://cdn.obsassets.com/asos/asos-design-petite-plunge-tux-playsuit-9c1de_130X130.png","productimage80_jpg":"https://cdn.obsassets.com/asos/asos-design-petite-plunge-tux-playsuit-9c1de_80X80.jpg","productimage80_png":"https://cdn.obsassets.com/asos/asos-design-petite-plunge-tux-playsuit-9c1de_80X80.png","productimage":"https://images.asos-media.com/products/asos-design-petite-plunge-tux-playsuit/13278854-1-chartreuse?$XXLrmbnrbtm$","productimage180_jpg":"https://cdn.obsassets.com/asos/asos-design-petite-plunge-tux-playsuit-9c1de_180X180.jpg"},"size_variants":[{"slug":"asos-design-petite-plunge-tux-playsuit-9c1de","guid":"05c1cc3c959fc5e8ad533938aa80ae7277d3a02c87047d63341e475c7de9c1de","status":1,"size":"16","saleprice":24,"msrp":24,"offers":0,"stock":"In Stock","url":"https://www.awin1.com/pclick.php?p=25141945987&a=209487&m=5678?www.asos.com","free_delivery":{"saleprice":24,"GB":30,"US":31.66,"INTERNATIONAL":null},"quantity":0}]}]},{"store_id":112,"affiliate_id":3,"subcategory2_id":510,"storename":"asos","subcategory3_id":0,"subcategory4_id":0,"subcategory_slug":"dresses","subcategory4_slug":null,"brand_id":24891,"subcategory3":"","subcategory_id":502,"subcategory3_slug":null,"subcategory2":"playsuit","subcategory4":"","category_id":4,"subcategory2_slug":"playsuit","store_slug":"asos","subcategory":"dresses","category":"clothing","brand":"city chic","category_slug":"clothing","sales":[],"variants":[{"title":"Floral Embroidered Off The Shoulder Playsuit","colour":"black","colourimageurl":"","images":{"productimage480_jpg":"https://cdn.obsassets.com/asos/city-chic-floral-embroidered-off-the-shoulder-playsuit-5edae_480X480.jpg","productimage130_png":"https://cdn.obsassets.com/asos/city-chic-floral-embroidered-off-the-shoulder-playsuit-5edae_130X130.png","productimage80_jpg":"https://cdn.obsassets.com/asos/city-chic-floral-embroidered-off-the-shoulder-playsuit-5edae_80X80.jpg","productimage80_png":"https://cdn.obsassets.com/asos/city-chic-floral-embroidered-off-the-shoulder-playsuit-5edae_80X80.png","productimage":"https://images.asos-media.com/products/city-chic-floral-embroidered-off-the-shoulder-playsuit-in-black/11872288-1-black?$XXLrmbnrbtm$","productimage180_jpg":"https://cdn.obsassets.com/asos/city-chic-floral-embroidered-off-the-shoulder-playsuit-5edae_180X180.jpg"},"size_variants":[{"slug":"city-chic-floral-embroidered-off-the-shoulder-playsuit-5edae","guid":"87f5bad71fd1fe69966e563ae8918d2e22ad4cf2127967001b3e5218a995edae","status":1,"size":"18","saleprice":43,"msrp":43,"offers":0,"stock":"Out Of Stock","url":"https://www.awin1.com/pclick.php?p=24959118981&a=209487&m=5678?www.asos.com","free_delivery":{"saleprice":43,"GB":30,"US":31.66,"INTERNATIONAL":null},"quantity":0}]}]},{"store_id":112,"affiliate_id":3,"subcategory2_id":510,"storename":"asos","subcategory3_id":0,"subcategory4_id":0,"subcategory_slug":"dresses","subcategory4_slug":null,"brand_id":6142,"subcategory3":"","subcategory_id":502,"subcategory3_slug":null,"subcategory2":"playsuit","subcategory4":"","category_id":4,"subcategory2_slug":"playsuit","store_slug":"asos","subcategory":"dresses","category":"clothing","brand":"south beach","category_slug":"clothing","sales":[],"variants":[{"title":"Halter Beach Playsuit With Tassle Trim","colour":"black","colourimageurl":"","images":{"productimage480_jpg":"https://cdn.obsassets.com/asos/south-beach-halter-beach-playsuit-with-tassle-trim-66039_480X480.jpg","productimage130_png":"https://cdn.obsassets.com/asos/south-beach-halter-beach-playsuit-with-tassle-trim-66039_130X130.png","productimage80_jpg":"https://cdn.obsassets.com/asos/south-beach-halter-beach-playsuit-with-tassle-trim-66039_80X80.jpg","productimage80_png":"https://cdn.obsassets.com/asos/south-beach-halter-beach-playsuit-with-tassle-trim-66039_80X80.png","productimage":"https://images.asos-media.com/products/south-beach-halter-beach-playsuit-with-tassle-trim/12339447-1-black?$XXL$","productimage180_jpg":"https://cdn.obsassets.com/asos/south-beach-halter-beach-playsuit-with-tassle-trim-66039_180X180.jpg"},"size_variants":[{"slug":"south-beach-halter-beach-playsuit-with-tassle-trim-66039","guid":"15bcbe0f54b61069a11d082c2e2ba8a61c9a1b2fca11e185ece83416da866039","status":1,"size":"L","saleprice":13.5,"msrp":32.95,"offers":60,"stock":"In Stock","url":"https://www.awin1.com/pclick.php?p=24959482217&a=209487&m=5678?www.asos.com","free_delivery":{"saleprice":13.5,"GB":30,"US":31.66,"INTERNATIONAL":null},"quantity":0}]}]},{"store_id":112,"affiliate_id":3,"subcategory2_id":510,"storename":"asos","subcategory3_id":0,"subcategory4_id":0,"subcategory_slug":"dresses","subcategory4_slug":null,"brand_id":26180,"subcategory3":"","subcategory_id":502,"subcategory3_slug":null,"subcategory2":"playsuit","subcategory4":"","category_id":4,"subcategory2_slug":"playsuit","store_slug":"asos","subcategory":"dresses","category":"clothing","brand":"asos design","category_slug":"clothing","sales":[],"variants":[{"title":"Tall Wrap Tie Front Strappy Playsuit","colour":null,"colourimageurl":"","images":{"productimage480_jpg":"https://cdn.obsassets.com/asos/asos-design-tall-wrap-tie-front-strappy-playsuit-d32aa_480X480.jpg","productimage130_png":"https://cdn.obsassets.com/asos/asos-design-tall-wrap-tie-front-strappy-playsuit-d32aa_130X130.png","productimage80_jpg":"https://cdn.obsassets.com/asos/asos-design-tall-wrap-tie-front-strappy-playsuit-d32aa_80X80.jpg","productimage80_png":"https://cdn.obsassets.com/asos/asos-design-tall-wrap-tie-front-strappy-playsuit-d32aa_80X80.png","productimage":"https://images.asos-media.com/products/asos-design-tall-wrap-tie-front-strappy-playsuit-in-crinkle-in-ditsy-print/11355039-1-blackditsyprint?$XXLrmbnrbtm$","productimage180_jpg":"https://cdn.obsassets.com/asos/asos-design-tall-wrap-tie-front-strappy-playsuit-d32aa_180X180.jpg"},"size_variants":[{"slug":"asos-design-tall-wrap-tie-front-strappy-playsuit-d32aa","guid":"3637bf9214877aff1861344c6d472b01e2acae74bcbc941b23629a1bcf1d32aa","status":1,"size":"4","saleprice":15.5,"msrp":15.5,"offers":0,"stock":"Out Of Stock","url":"https://www.awin1.com/pclick.php?p=24958682841&a=209487&m=5678?www.asos.com","free_delivery":{"saleprice":15.5,"GB":30,"US":31.66,"INTERNATIONAL":null},"quantity":0}]}]}]},"msg":"Here is the search results.","status":200}}
200
Jumpsuit for Women
]]></system-out>
  </testcase>
</testsuite>